  [1m[35m (281.3ms)[0m  [1m[35mCREATE DATABASE "Todos_development" ENCODING = 'unicode'[0m
  ↳ bin/rails:9
  [1m[35m (69.2ms)[0m  [1m[35mCREATE DATABASE "Todos_test" ENCODING = 'unicode'[0m
  ↳ bin/rails:9
  [1m[35m (14.6ms)[0m  [1m[35mCREATE TABLE "schema_migrations" ("version" character varying NOT NULL PRIMARY KEY)[0m
  ↳ bin/rails:9
  [1m[35m (5.6ms)[0m  [1m[35mCREATE TABLE "ar_internal_metadata" ("key" character varying NOT NULL PRIMARY KEY, "value" character varying, "created_at" timestamp NOT NULL, "updated_at" timestamp NOT NULL)[0m
  ↳ bin/rails:9
  [1m[35m (0.3ms)[0m  [1m[34mSELECT pg_try_advisory_lock(6332679603831330120)[0m
  ↳ bin/rails:9
  [1m[35m (1.3ms)[0m  [1m[34mSELECT "schema_migrations"."version" FROM "schema_migrations" ORDER BY "schema_migrations"."version" ASC[0m
  ↳ bin/rails:9
Migrating to CreateTodos (20220310214248)
  [1m[35m (0.2ms)[0m  [1m[35mBEGIN[0m
  ↳ bin/rails:9
  [1m[35m (5.3ms)[0m  [1m[35mCREATE TABLE "todos" ("id" bigserial primary key, "title" character varying NOT NULL, "body" character varying NOT NULL, "done" boolean NOT NULL, "created_at" timestamp NOT NULL, "updated_at" timestamp NOT NULL)[0m
  ↳ db/migrate/20220310214248_create_todos.rb:3
  [1m[36mActiveRecord::SchemaMigration Create (1.0ms)[0m  [1m[32mINSERT INTO "schema_migrations" ("version") VALUES ($1) RETURNING "version"[0m  [["version", "20220310214248"]]
  ↳ bin/rails:9
  [1m[35m (0.4ms)[0m  [1m[35mCOMMIT[0m
  ↳ bin/rails:9
  [1m[36mActiveRecord::InternalMetadata Load (0.4ms)[0m  [1m[34mSELECT  "ar_internal_metadata".* FROM "ar_internal_metadata" WHERE "ar_internal_metadata"."key" = $1 LIMIT $2[0m  [["key", "environment"], ["LIMIT", 1]]
  ↳ bin/rails:9
  [1m[35m (0.3ms)[0m  [1m[35mBEGIN[0m
  ↳ bin/rails:9
  [1m[36mActiveRecord::InternalMetadata Create (1.4ms)[0m  [1m[32mINSERT INTO "ar_internal_metadata" ("key", "value", "created_at", "updated_at") VALUES ($1, $2, $3, $4) RETURNING "key"[0m  [["key", "environment"], ["value", "development"], ["created_at", "2022-03-10 21:44:35.879366"], ["updated_at", "2022-03-10 21:44:35.879366"]]
  ↳ bin/rails:9
  [1m[35m (3.4ms)[0m  [1m[35mCOMMIT[0m
  ↳ bin/rails:9
  [1m[35m (0.3ms)[0m  [1m[34mSELECT pg_advisory_unlock(6332679603831330120)[0m
  ↳ bin/rails:9
  [1m[35m (0.2ms)[0m  [1m[34mSELECT "schema_migrations"."version" FROM "schema_migrations" ORDER BY "schema_migrations"."version" ASC[0m
  ↳ bin/rails:9
  [1m[35m (0.3ms)[0m  [1m[35mBEGIN[0m
  [1m[36mTodo Create (1.7ms)[0m  [1m[32mINSERT INTO "todos" ("title", "body", "done", "created_at", "updated_at") VALUES ($1, $2, $3, $4, $5) RETURNING "id"[0m  [["title", "remembering ruby"], ["body", "refresh"], ["done", false], ["created_at", "2022-03-10 21:50:44.345800"], ["updated_at", "2022-03-10 21:50:44.345800"]]
  [1m[35m (0.6ms)[0m  [1m[35mCOMMIT[0m
Started GET "/" for ::1 at 2022-03-10 14:18:19 -0800
  [1m[35m (4.6ms)[0m  [1m[34mSELECT "schema_migrations"."version" FROM "schema_migrations" ORDER BY "schema_migrations"."version" ASC[0m
  ↳ /Users/kingbloopy/.rbenv/versions/2.5.1/lib/ruby/gems/2.5.0/gems/activerecord-5.2.6.3/lib/active_record/log_subscriber.rb:98

ActionController::RoutingError - uninitialized constant StaticPagesController:

Started POST "/__better_errors/87f57a3447cd0058/variables" for ::1 at 2022-03-10 14:18:19 -0800
Started GET "/" for ::1 at 2022-03-10 14:18:25 -0800

ActionController::RoutingError - uninitialized constant StaticPagesController:

Started POST "/__better_errors/de1ad66d40fea2f6/variables" for ::1 at 2022-03-10 14:18:25 -0800
Started GET "/" for ::1 at 2022-03-10 14:22:02 -0800
Processing by StaticPagesController#root as HTML
Completed 500 Internal Server Error in 6ms (ActiveRecord: 0.0ms)



ActionView::MissingTemplate - Missing template static_pages/root, application/root with {:locale=>[:en], :formats=>[:html], :variants=>[], :handlers=>[:raw, :erb, :html, :builder, :ruby, :coffee, :jbuilder]}. Searched in:
  * "/Users/kingbloopy/Desktop/Workspace/App_Academy/aA_projects/W11D2/todos/Todos/app/views":
  app/controllers/static_pages_controller.rb:3:in `root'

Started POST "/__better_errors/9344e16470680348/variables" for ::1 at 2022-03-10 14:22:02 -0800
Started GET "/" for ::1 at 2022-03-10 14:22:04 -0800
Processing by StaticPagesController#root as HTML
Completed 500 Internal Server Error in 3ms (ActiveRecord: 0.0ms)



ActionView::MissingTemplate - Missing template static_pages/root, application/root with {:locale=>[:en], :formats=>[:html], :variants=>[], :handlers=>[:raw, :erb, :html, :builder, :ruby, :coffee, :jbuilder]}. Searched in:
  * "/Users/kingbloopy/Desktop/Workspace/App_Academy/aA_projects/W11D2/todos/Todos/app/views":
  app/controllers/static_pages_controller.rb:3:in `root'

Started POST "/__better_errors/e97010adab11fe6f/variables" for ::1 at 2022-03-10 14:22:04 -0800
Started GET "/" for ::1 at 2022-03-10 14:23:09 -0800
Processing by StaticPagesController#root as HTML
Completed 406 Not Acceptable in 107ms (ActiveRecord: 0.0ms)



ActionController::UnknownFormat - StaticPagesController#root is missing a template for this request format and variant.
request.formats: ["text/html"]
request.variant: []
NOTE! For XHR/Ajax or API requests, this action would normally respond with 204 No Content: an empty white screen. Since you're loading it in a web browser, we assume that you expected to actually render a template, not nothing, so we're showing an error to be extra-clear. If you expect 204 No Content, carry on. That's what you'll get from an XHR or API request. Give it a shot.:

Started POST "/__better_errors/f794635b8658d8ba/variables" for ::1 at 2022-03-10 14:23:10 -0800
Started GET "/" for ::1 at 2022-03-10 14:23:10 -0800
Processing by StaticPagesController#root as HTML
Completed 406 Not Acceptable in 78ms (ActiveRecord: 0.0ms)



ActionController::UnknownFormat - StaticPagesController#root is missing a template for this request format and variant.
request.formats: ["text/html"]
request.variant: []
NOTE! For XHR/Ajax or API requests, this action would normally respond with 204 No Content: an empty white screen. Since you're loading it in a web browser, we assume that you expected to actually render a template, not nothing, so we're showing an error to be extra-clear. If you expect 204 No Content, carry on. That's what you'll get from an XHR or API request. Give it a shot.:

Started POST "/__better_errors/094ca881ac11fbff/variables" for ::1 at 2022-03-10 14:23:11 -0800
Started POST "/__better_errors/094ca881ac11fbff/variables" for ::1 at 2022-03-10 14:23:36 -0800
Started POST "/__better_errors/094ca881ac11fbff/variables" for ::1 at 2022-03-10 14:23:38 -0800
Started GET "/" for ::1 at 2022-03-10 14:28:07 -0800
Processing by StaticPagesController#root as HTML
Completed 406 Not Acceptable in 90ms (ActiveRecord: 0.0ms)



ActionController::UnknownFormat - StaticPagesController#root is missing a template for this request format and variant.
request.formats: ["text/html"]
request.variant: []
NOTE! For XHR/Ajax or API requests, this action would normally respond with 204 No Content: an empty white screen. Since you're loading it in a web browser, we assume that you expected to actually render a template, not nothing, so we're showing an error to be extra-clear. If you expect 204 No Content, carry on. That's what you'll get from an XHR or API request. Give it a shot.:

Started POST "/__better_errors/285c27b1c6a5c92a/variables" for ::1 at 2022-03-10 14:28:08 -0800
Started GET "/" for ::1 at 2022-03-10 14:28:10 -0800
Processing by StaticPagesController#root as HTML
Completed 406 Not Acceptable in 84ms (ActiveRecord: 0.0ms)



ActionController::UnknownFormat - StaticPagesController#root is missing a template for this request format and variant.
request.formats: ["text/html"]
request.variant: []
NOTE! For XHR/Ajax or API requests, this action would normally respond with 204 No Content: an empty white screen. Since you're loading it in a web browser, we assume that you expected to actually render a template, not nothing, so we're showing an error to be extra-clear. If you expect 204 No Content, carry on. That's what you'll get from an XHR or API request. Give it a shot.:

Started POST "/__better_errors/9ab150aa15cd958d/variables" for ::1 at 2022-03-10 14:28:10 -0800
Started GET "/" for ::1 at 2022-03-10 14:29:20 -0800
Processing by StaticPagesController#root as HTML
Completed 406 Not Acceptable in 134ms (ActiveRecord: 0.0ms)



ActionController::UnknownFormat - StaticPagesController#root is missing a template for this request format and variant.
request.formats: ["text/html"]
request.variant: []
NOTE! For XHR/Ajax or API requests, this action would normally respond with 204 No Content: an empty white screen. Since you're loading it in a web browser, we assume that you expected to actually render a template, not nothing, so we're showing an error to be extra-clear. If you expect 204 No Content, carry on. That's what you'll get from an XHR or API request. Give it a shot.:

Started POST "/__better_errors/b559f1b9a63b698f/variables" for ::1 at 2022-03-10 14:29:21 -0800
Started GET "/" for ::1 at 2022-03-10 14:31:10 -0800
Processing by StaticPagesController#root as HTML
  Rendering static_pages/root.html.erb within layouts/application
  Rendered static_pages/root.html.erb within layouts/application (13.5ms)
Completed 200 OK in 969ms (Views: 967.1ms | ActiveRecord: 0.0ms)


Started GET "/" for ::1 at 2022-03-10 14:39:57 -0800
Processing by StaticPagesController#root as HTML
  Rendering static_pages/root.html.erb within layouts/application
  Rendered static_pages/root.html.erb within layouts/application (0.7ms)
Completed 200 OK in 112ms (Views: 110.1ms | ActiveRecord: 0.0ms)


Started GET "/" for ::1 at 2022-03-10 14:40:01 -0800
Processing by StaticPagesController#root as HTML
  Rendering static_pages/root.html.erb within layouts/application
  Rendered static_pages/root.html.erb within layouts/application (0.3ms)
Completed 200 OK in 26ms (Views: 24.1ms | ActiveRecord: 0.0ms)


Started GET "/api/todos" for ::1 at 2022-03-10 14:40:22 -0800
Processing by Api::TodosController#index as JSON
  [1m[36mTodo Load (0.7ms)[0m  [1m[34mSELECT "todos".* FROM "todos"[0m
  ↳ app/controllers/api/todos_controller.rb:9
Completed 200 OK in 19ms (Views: 7.5ms | ActiveRecord: 8.5ms)


Started GET "/" for ::1 at 2022-03-10 14:49:50 -0800
Processing by StaticPagesController#root as HTML
  Rendering static_pages/root.html.erb within layouts/application
  Rendered static_pages/root.html.erb within layouts/application (0.4ms)
Completed 200 OK in 374ms (Views: 372.7ms | ActiveRecord: 0.0ms)


Started GET "/" for ::1 at 2022-03-10 15:04:11 -0800
Processing by StaticPagesController#root as HTML
  Rendering static_pages/root.html.erb within layouts/application
  Rendered static_pages/root.html.erb within layouts/application (0.4ms)
Completed 200 OK in 338ms (Views: 335.9ms | ActiveRecord: 0.0ms)


Started GET "/" for ::1 at 2022-03-10 15:04:13 -0800
Processing by StaticPagesController#root as HTML
  Rendering static_pages/root.html.erb within layouts/application
  Rendered static_pages/root.html.erb within layouts/application (0.6ms)
Completed 200 OK in 43ms (Views: 40.8ms | ActiveRecord: 0.0ms)


Started GET "/api/todos" for ::1 at 2022-03-10 15:04:47 -0800
Processing by Api::TodosController#index as JSON
  [1m[36mTodo Load (1.0ms)[0m  [1m[34mSELECT "todos".* FROM "todos"[0m
  ↳ app/controllers/api/todos_controller.rb:9
Completed 200 OK in 2ms (Views: 1.3ms | ActiveRecord: 1.0ms)


Started GET "/api/todos" for ::1 at 2022-03-10 15:05:49 -0800
Processing by Api::TodosController#index as JSON
  [1m[36mTodo Load (0.7ms)[0m  [1m[34mSELECT "todos".* FROM "todos"[0m
  ↳ app/controllers/api/todos_controller.rb:9
Completed 200 OK in 2ms (Views: 0.8ms | ActiveRecord: 0.7ms)


Started GET "/" for ::1 at 2022-03-10 15:18:40 -0800
Processing by StaticPagesController#root as HTML
  Rendering static_pages/root.html.erb within layouts/application
  Rendered static_pages/root.html.erb within layouts/application (0.2ms)
Completed 200 OK in 341ms (Views: 338.9ms | ActiveRecord: 0.0ms)


Started GET "/" for ::1 at 2022-03-10 15:20:03 -0800
Processing by StaticPagesController#root as HTML
  Rendering static_pages/root.html.erb within layouts/application
  Rendered static_pages/root.html.erb within layouts/application (0.3ms)
Completed 200 OK in 358ms (Views: 356.6ms | ActiveRecord: 0.0ms)


