  [1m[35m (1.2ms)[0m  [1m[35mCREATE DATABASE "db/development"."postgresql" ENCODING = 'utf8'[0m
  ↳ bin/rails:9
  [1m[35m (195.6ms)[0m  [1m[35mCREATE DATABASE "db/development_postgresql" ENCODING = 'utf8'[0m
  ↳ bin/rails:9
  [1m[35m (74.6ms)[0m  [1m[35mCREATE DATABASE "db/test_postgresql" ENCODING = 'utf8'[0m
  ↳ bin/rails:9
  [1m[35m (8.4ms)[0m  [1m[35mCREATE TABLE "schema_migrations" ("version" character varying NOT NULL PRIMARY KEY)[0m
  ↳ bin/rails:9
  [1m[35m (3.4ms)[0m  [1m[35mCREATE TABLE "ar_internal_metadata" ("key" character varying NOT NULL PRIMARY KEY, "value" character varying, "created_at" timestamp NOT NULL, "updated_at" timestamp NOT NULL)[0m
  ↳ bin/rails:9
  [1m[35m (0.2ms)[0m  [1m[34mSELECT pg_try_advisory_lock(3746314354844354685)[0m
  ↳ bin/rails:9
  [1m[35m (1.1ms)[0m  [1m[34mSELECT "schema_migrations"."version" FROM "schema_migrations" ORDER BY "schema_migrations"."version" ASC[0m
  ↳ bin/rails:9
Migrating to CreateCats (20220204213435)
  [1m[35m (0.2ms)[0m  [1m[35mBEGIN[0m
  ↳ bin/rails:9
  [1m[35m (5.0ms)[0m  [1m[35mCREATE TABLE "cats" ("id" bigserial primary key, "name" character varying NOT NULL, "sex" character varying(1) NOT NULL, "color" character varying NOT NULL, "birth_date" date NOT NULL, "description" text NOT NULL, "created_at" timestamp NOT NULL, "updated_at" timestamp NOT NULL)[0m
  ↳ db/migrate/20220204213435_create_cats.rb:3
  [1m[36mActiveRecord::SchemaMigration Create (1.3ms)[0m  [1m[32mINSERT INTO "schema_migrations" ("version") VALUES ($1) RETURNING "version"[0m  [["version", "20220204213435"]]
  ↳ bin/rails:9
  [1m[35m (0.6ms)[0m  [1m[35mCOMMIT[0m
  ↳ bin/rails:9
  [1m[36mActiveRecord::InternalMetadata Load (1.0ms)[0m  [1m[34mSELECT  "ar_internal_metadata".* FROM "ar_internal_metadata" WHERE "ar_internal_metadata"."key" = $1 LIMIT $2[0m  [["key", "environment"], ["LIMIT", 1]]
  ↳ bin/rails:9
  [1m[35m (0.1ms)[0m  [1m[35mBEGIN[0m
  ↳ bin/rails:9
  [1m[36mActiveRecord::InternalMetadata Create (0.9ms)[0m  [1m[32mINSERT INTO "ar_internal_metadata" ("key", "value", "created_at", "updated_at") VALUES ($1, $2, $3, $4) RETURNING "key"[0m  [["key", "environment"], ["value", "development"], ["created_at", "2022-02-04 21:41:07.906709"], ["updated_at", "2022-02-04 21:41:07.906709"]]
  ↳ bin/rails:9
  [1m[35m (0.5ms)[0m  [1m[35mCOMMIT[0m
  ↳ bin/rails:9
  [1m[35m (0.2ms)[0m  [1m[34mSELECT pg_advisory_unlock(3746314354844354685)[0m
  ↳ bin/rails:9
  [1m[35m (0.3ms)[0m  [1m[34mSELECT "schema_migrations"."version" FROM "schema_migrations" ORDER BY "schema_migrations"."version" ASC[0m
  ↳ bin/rails:9
  [1m[35m (1.8ms)[0m  [1m[34mSELECT "schema_migrations"."version" FROM "schema_migrations" ORDER BY "schema_migrations"."version" ASC[0m
  ↳ /Users/kingbloopy/.rbenv/versions/2.5.1/bin/annotate:25
  [1m[35m (2.0ms)[0m  [1m[34mSELECT "schema_migrations"."version" FROM "schema_migrations" ORDER BY "schema_migrations"."version" ASC[0m
  ↳ bin/rails:9
  [1m[35m (0.2ms)[0m  [1m[35mBEGIN[0m
  ↳ db/seeds.rb:10
  [1m[35m (1.8ms)[0m  [1m[31mROLLBACK[0m
  ↳ db/seeds.rb:10
  [1m[35m (0.9ms)[0m  [1m[34mSELECT "schema_migrations"."version" FROM "schema_migrations" ORDER BY "schema_migrations"."version" ASC[0m
  ↳ bin/rails:9
  [1m[35m (0.3ms)[0m  [1m[35mBEGIN[0m
  ↳ db/seeds.rb:10
  [1m[35m (0.2ms)[0m  [1m[31mROLLBACK[0m
  ↳ db/seeds.rb:10
  [1m[35m (1.9ms)[0m  [1m[34mSELECT "schema_migrations"."version" FROM "schema_migrations" ORDER BY "schema_migrations"."version" ASC[0m
  ↳ bin/rails:9
  [1m[35m (0.2ms)[0m  [1m[35mBEGIN[0m
  ↳ db/seeds.rb:10
  [1m[36mCat Create (1.5ms)[0m  [1m[32mINSERT INTO "cats" ("name", "sex", "color", "birth_date", "description", "created_at", "updated_at") VALUES ($1, $2, $3, $4, $5, $6, $7) RETURNING "id"[0m  [["name", "Bob"], ["sex", "M"], ["color", "purple"], ["birth_date", "2020-01-20"], ["description", "fluffy boi"], ["created_at", "2022-02-04 22:30:54.013010"], ["updated_at", "2022-02-04 22:30:54.013010"]]
  ↳ db/seeds.rb:10
  [1m[35m (0.9ms)[0m  [1m[35mCOMMIT[0m
  ↳ db/seeds.rb:10
  [1m[35m (0.2ms)[0m  [1m[35mBEGIN[0m
  ↳ db/seeds.rb:12
  [1m[36mCat Create (0.3ms)[0m  [1m[32mINSERT INTO "cats" ("name", "sex", "color", "birth_date", "description", "created_at", "updated_at") VALUES ($1, $2, $3, $4, $5, $6, $7) RETURNING "id"[0m  [["name", "Wiggles"], ["sex", "F"], ["color", "rainbow"], ["birth_date", "2020-12-20"], ["description", "fluffiest"], ["created_at", "2022-02-04 22:30:54.017903"], ["updated_at", "2022-02-04 22:30:54.017903"]]
  ↳ db/seeds.rb:12
  [1m[35m (0.3ms)[0m  [1m[35mCOMMIT[0m
  ↳ db/seeds.rb:12
  [1m[35m (0.1ms)[0m  [1m[35mBEGIN[0m
  ↳ db/seeds.rb:14
  [1m[36mCat Create (0.3ms)[0m  [1m[32mINSERT INTO "cats" ("name", "sex", "color", "birth_date", "description", "created_at", "updated_at") VALUES ($1, $2, $3, $4, $5, $6, $7) RETURNING "id"[0m  [["name", "Joe"], ["sex", "M"], ["color", "rainbow"], ["birth_date", "2019-01-20"], ["description", "smooth boi"], ["created_at", "2022-02-04 22:30:54.019657"], ["updated_at", "2022-02-04 22:30:54.019657"]]
  ↳ db/seeds.rb:14
  [1m[35m (0.3ms)[0m  [1m[35mCOMMIT[0m
  ↳ db/seeds.rb:14
  [1m[35m (0.8ms)[0m  [1m[34mSELECT "schema_migrations"."version" FROM "schema_migrations" ORDER BY "schema_migrations"."version" ASC[0m
  ↳ bin/rails:9
  [1m[35m (0.1ms)[0m  [1m[35mBEGIN[0m
  ↳ db/seeds.rb:9
  [1m[36mCat Load (0.8ms)[0m  [1m[34mSELECT "cats".* FROM "cats"[0m
  ↳ db/seeds.rb:10
  [1m[36mCat Destroy (0.8ms)[0m  [1m[31mDELETE FROM "cats" WHERE "cats"."id" = $1[0m  [["id", 1]]
  ↳ db/seeds.rb:10
  [1m[36mCat Destroy (0.2ms)[0m  [1m[31mDELETE FROM "cats" WHERE "cats"."id" = $1[0m  [["id", 2]]
  ↳ db/seeds.rb:10
  [1m[36mCat Destroy (0.2ms)[0m  [1m[31mDELETE FROM "cats" WHERE "cats"."id" = $1[0m  [["id", 3]]
  ↳ db/seeds.rb:10
  [1m[35m (0.4ms)[0m  [1m[31mROLLBACK[0m
  ↳ db/seeds.rb:9
  [1m[35m (0.8ms)[0m  [1m[34mSELECT "schema_migrations"."version" FROM "schema_migrations" ORDER BY "schema_migrations"."version" ASC[0m
  ↳ bin/rails:9
  [1m[35m (0.1ms)[0m  [1m[35mBEGIN[0m
  ↳ db/seeds.rb:9
  [1m[36mCat Load (0.7ms)[0m  [1m[34mSELECT "cats".* FROM "cats"[0m
  ↳ db/seeds.rb:10
  [1m[36mCat Destroy (0.6ms)[0m  [1m[31mDELETE FROM "cats" WHERE "cats"."id" = $1[0m  [["id", 1]]
  ↳ db/seeds.rb:10
  [1m[36mCat Destroy (0.3ms)[0m  [1m[31mDELETE FROM "cats" WHERE "cats"."id" = $1[0m  [["id", 2]]
  ↳ db/seeds.rb:10
  [1m[36mCat Destroy (0.3ms)[0m  [1m[31mDELETE FROM "cats" WHERE "cats"."id" = $1[0m  [["id", 3]]
  ↳ db/seeds.rb:10
  [1m[36mCat Create (0.5ms)[0m  [1m[32mINSERT INTO "cats" ("name", "sex", "color", "birth_date", "description", "created_at", "updated_at") VALUES ($1, $2, $3, $4, $5, $6, $7) RETURNING "id"[0m  [["name", "Bob"], ["sex", "M"], ["color", "purple"], ["birth_date", "2020-01-20"], ["description", "fluffy boi"], ["created_at", "2022-02-04 22:34:52.946176"], ["updated_at", "2022-02-04 22:34:52.946176"]]
  ↳ db/seeds.rb:12
  [1m[36mCat Create (0.5ms)[0m  [1m[32mINSERT INTO "cats" ("name", "sex", "color", "birth_date", "description", "created_at", "updated_at") VALUES ($1, $2, $3, $4, $5, $6, $7) RETURNING "id"[0m  [["name", "Wiggles"], ["sex", "F"], ["color", "rainbow"], ["birth_date", "2020-12-20"], ["description", "fluffiest"], ["created_at", "2022-02-04 22:34:52.948032"], ["updated_at", "2022-02-04 22:34:52.948032"]]
  ↳ db/seeds.rb:14
  [1m[36mCat Create (0.5ms)[0m  [1m[32mINSERT INTO "cats" ("name", "sex", "color", "birth_date", "description", "created_at", "updated_at") VALUES ($1, $2, $3, $4, $5, $6, $7) RETURNING "id"[0m  [["name", "Joe"], ["sex", "M"], ["color", "rainbow"], ["birth_date", "2019-01-20"], ["description", "smooth boi"], ["created_at", "2022-02-04 22:34:52.949486"], ["updated_at", "2022-02-04 22:34:52.949486"]]
  ↳ db/seeds.rb:16
  [1m[35m (0.8ms)[0m  [1m[35mCOMMIT[0m
  ↳ db/seeds.rb:9
  [1m[35m (1.0ms)[0m  [1m[34mSELECT "schema_migrations"."version" FROM "schema_migrations" ORDER BY "schema_migrations"."version" ASC[0m
  ↳ bin/rails:9
  [1m[35m (0.3ms)[0m  [1m[35mBEGIN[0m
  ↳ db/seeds.rb:9
  [1m[36mCat Load (0.8ms)[0m  [1m[34mSELECT "cats".* FROM "cats"[0m
  ↳ db/seeds.rb:10
  [1m[36mCat Destroy (0.6ms)[0m  [1m[31mDELETE FROM "cats" WHERE "cats"."id" = $1[0m  [["id", 4]]
  ↳ db/seeds.rb:10
  [1m[36mCat Destroy (0.3ms)[0m  [1m[31mDELETE FROM "cats" WHERE "cats"."id" = $1[0m  [["id", 5]]
  ↳ db/seeds.rb:10
  [1m[36mCat Destroy (0.6ms)[0m  [1m[31mDELETE FROM "cats" WHERE "cats"."id" = $1[0m  [["id", 6]]
  ↳ db/seeds.rb:10
  [1m[36mCat Create (0.6ms)[0m  [1m[32mINSERT INTO "cats" ("name", "sex", "color", "birth_date", "description", "created_at", "updated_at") VALUES ($1, $2, $3, $4, $5, $6, $7) RETURNING "id"[0m  [["name", "Bob"], ["sex", "M"], ["color", "purple"], ["birth_date", "2020-01-20"], ["description", "fluffy boi"], ["created_at", "2022-02-04 22:35:31.726192"], ["updated_at", "2022-02-04 22:35:31.726192"]]
  ↳ db/seeds.rb:12
  [1m[36mCat Create (0.6ms)[0m  [1m[32mINSERT INTO "cats" ("name", "sex", "color", "birth_date", "description", "created_at", "updated_at") VALUES ($1, $2, $3, $4, $5, $6, $7) RETURNING "id"[0m  [["name", "Wiggles"], ["sex", "F"], ["color", "rainbow"], ["birth_date", "2020-12-20"], ["description", "fluffiest"], ["created_at", "2022-02-04 22:35:31.727608"], ["updated_at", "2022-02-04 22:35:31.727608"]]
  ↳ db/seeds.rb:14
  [1m[35m (0.3ms)[0m  [1m[31mROLLBACK[0m
  ↳ db/seeds.rb:9
  [1m[35m (1.2ms)[0m  [1m[34mSELECT "schema_migrations"."version" FROM "schema_migrations" ORDER BY "schema_migrations"."version" ASC[0m
  ↳ bin/rails:9
  [1m[35m (0.1ms)[0m  [1m[35mBEGIN[0m
  ↳ db/seeds.rb:9
  [1m[36mCat Load (0.7ms)[0m  [1m[34mSELECT "cats".* FROM "cats"[0m
  ↳ db/seeds.rb:10
  [1m[36mCat Destroy (0.5ms)[0m  [1m[31mDELETE FROM "cats" WHERE "cats"."id" = $1[0m  [["id", 4]]
  ↳ db/seeds.rb:10
  [1m[36mCat Destroy (0.6ms)[0m  [1m[31mDELETE FROM "cats" WHERE "cats"."id" = $1[0m  [["id", 5]]
  ↳ db/seeds.rb:10
  [1m[36mCat Destroy (0.4ms)[0m  [1m[31mDELETE FROM "cats" WHERE "cats"."id" = $1[0m  [["id", 6]]
  ↳ db/seeds.rb:10
  [1m[36mCat Create (0.4ms)[0m  [1m[32mINSERT INTO "cats" ("name", "sex", "color", "birth_date", "description", "created_at", "updated_at") VALUES ($1, $2, $3, $4, $5, $6, $7) RETURNING "id"[0m  [["name", "Bob"], ["sex", "M"], ["color", "purple"], ["birth_date", "2020-01-20"], ["description", "fluffy boi"], ["created_at", "2022-02-04 22:35:50.448642"], ["updated_at", "2022-02-04 22:35:50.448642"]]
  ↳ db/seeds.rb:12
  [1m[36mCat Create (0.3ms)[0m  [1m[32mINSERT INTO "cats" ("name", "sex", "color", "birth_date", "description", "created_at", "updated_at") VALUES ($1, $2, $3, $4, $5, $6, $7) RETURNING "id"[0m  [["name", "Wiggles"], ["sex", "F"], ["color", "rainbow"], ["birth_date", "2020-12-20"], ["description", "fluffiest"], ["created_at", "2022-02-04 22:35:50.449997"], ["updated_at", "2022-02-04 22:35:50.449997"]]
  ↳ db/seeds.rb:14
  [1m[35m (0.3ms)[0m  [1m[31mROLLBACK[0m
  ↳ db/seeds.rb:9
  [1m[35m (0.9ms)[0m  [1m[34mSELECT "schema_migrations"."version" FROM "schema_migrations" ORDER BY "schema_migrations"."version" ASC[0m
  ↳ bin/rails:9
  [1m[35m (0.3ms)[0m  [1m[35mBEGIN[0m
  ↳ db/seeds.rb:9
  [1m[36mCat Load (0.6ms)[0m  [1m[34mSELECT "cats".* FROM "cats"[0m
  ↳ db/seeds.rb:10
  [1m[36mCat Destroy (0.8ms)[0m  [1m[31mDELETE FROM "cats" WHERE "cats"."id" = $1[0m  [["id", 4]]
  ↳ db/seeds.rb:10
  [1m[36mCat Destroy (0.5ms)[0m  [1m[31mDELETE FROM "cats" WHERE "cats"."id" = $1[0m  [["id", 5]]
  ↳ db/seeds.rb:10
  [1m[36mCat Destroy (0.2ms)[0m  [1m[31mDELETE FROM "cats" WHERE "cats"."id" = $1[0m  [["id", 6]]
  ↳ db/seeds.rb:10
  [1m[36mCat Create (0.8ms)[0m  [1m[32mINSERT INTO "cats" ("name", "sex", "color", "birth_date", "description", "created_at", "updated_at") VALUES ($1, $2, $3, $4, $5, $6, $7) RETURNING "id"[0m  [["name", "Bob"], ["sex", "M"], ["color", "purple"], ["birth_date", "2020-01-20"], ["description", "fluffy boi"], ["created_at", "2022-02-04 22:36:19.032783"], ["updated_at", "2022-02-04 22:36:19.032783"]]
  ↳ db/seeds.rb:12
  [1m[35m (0.2ms)[0m  [1m[31mROLLBACK[0m
  ↳ db/seeds.rb:9
  [1m[35m (1.1ms)[0m  [1m[34mSELECT "schema_migrations"."version" FROM "schema_migrations" ORDER BY "schema_migrations"."version" ASC[0m
  ↳ bin/rails:9
  [1m[35m (0.4ms)[0m  [1m[35mBEGIN[0m
  ↳ db/seeds.rb:9
  [1m[36mCat Load (1.0ms)[0m  [1m[34mSELECT "cats".* FROM "cats"[0m
  ↳ db/seeds.rb:10
  [1m[36mCat Destroy (0.8ms)[0m  [1m[31mDELETE FROM "cats" WHERE "cats"."id" = $1[0m  [["id", 4]]
  ↳ db/seeds.rb:10
  [1m[36mCat Destroy (0.3ms)[0m  [1m[31mDELETE FROM "cats" WHERE "cats"."id" = $1[0m  [["id", 5]]
  ↳ db/seeds.rb:10
  [1m[36mCat Destroy (0.2ms)[0m  [1m[31mDELETE FROM "cats" WHERE "cats"."id" = $1[0m  [["id", 6]]
  ↳ db/seeds.rb:10
  [1m[36mCat Create (0.5ms)[0m  [1m[32mINSERT INTO "cats" ("name", "sex", "color", "birth_date", "description", "created_at", "updated_at") VALUES ($1, $2, $3, $4, $5, $6, $7) RETURNING "id"[0m  [["name", "Bob"], ["sex", "M"], ["color", "purple"], ["birth_date", "2020-01-20"], ["description", "fluffy boi"], ["created_at", "2022-02-04 22:36:30.212418"], ["updated_at", "2022-02-04 22:36:30.212418"]]
  ↳ db/seeds.rb:12
  [1m[36mCat Create (0.4ms)[0m  [1m[32mINSERT INTO "cats" ("name", "sex", "color", "birth_date", "description", "created_at", "updated_at") VALUES ($1, $2, $3, $4, $5, $6, $7) RETURNING "id"[0m  [["name", "Wiggles"], ["sex", "F"], ["color", "rainbow"], ["birth_date", "2020-12-20"], ["description", "fluffiest"], ["created_at", "2022-02-04 22:36:30.214200"], ["updated_at", "2022-02-04 22:36:30.214200"]]
  ↳ db/seeds.rb:14
  [1m[36mCat Create (0.2ms)[0m  [1m[32mINSERT INTO "cats" ("name", "sex", "color", "birth_date", "description", "created_at", "updated_at") VALUES ($1, $2, $3, $4, $5, $6, $7) RETURNING "id"[0m  [["name", "Joe"], ["sex", "M"], ["color", "rainbow"], ["birth_date", "2019-01-20"], ["description", "smooth boi"], ["created_at", "2022-02-04 22:36:30.215333"], ["updated_at", "2022-02-04 22:36:30.215333"]]
  ↳ db/seeds.rb:16
  [1m[35m (1.0ms)[0m  [1m[35mCOMMIT[0m
  ↳ db/seeds.rb:9
Started GET "/cats" for ::1 at 2022-02-04 15:10:23 -0800
  [1m[35m (1.0ms)[0m  [1m[34mSELECT "schema_migrations"."version" FROM "schema_migrations" ORDER BY "schema_migrations"."version" ASC[0m
  ↳ /Users/kingbloopy/.rbenv/versions/2.5.1/lib/ruby/gems/2.5.0/gems/activerecord-5.2.6/lib/active_record/log_subscriber.rb:98
Processing by CatsController#index as HTML
  Rendering cats/index.html.erb within layouts/application
  [1m[36mCat Load (0.7ms)[0m  [1m[34mSELECT "cats".* FROM "cats"[0m
  ↳ app/views/cats/index.html.erb:3
  Rendered cats/index.html.erb within layouts/application (25.1ms)
Completed 200 OK in 1354ms (Views: 1341.2ms | ActiveRecord: 7.8ms)


Started GET "/cats" for ::1 at 2022-02-04 15:14:25 -0800
Processing by CatsController#index as HTML
  Rendering cats/index.html.erb within layouts/application
  [1m[36mCat Load (14.3ms)[0m  [1m[34mSELECT "cats".* FROM "cats"[0m
  ↳ app/views/cats/index.html.erb:3
  Rendered cats/index.html.erb within layouts/application (18.1ms)
Completed 200 OK in 65ms (Views: 50.0ms | ActiveRecord: 14.3ms)


Started GET "/cats/2" for ::1 at 2022-02-04 15:15:13 -0800
Processing by CatsController#show as HTML
  Parameters: {"id"=>"2"}
Completed 200 OK in 0ms (Views: 0.1ms | ActiveRecord: 0.0ms)


Started GET "/cats" for ::1 at 2022-02-04 15:15:26 -0800
Processing by CatsController#index as HTML
  Rendering cats/index.html.erb within layouts/application
  [1m[36mCat Load (1.1ms)[0m  [1m[34mSELECT "cats".* FROM "cats"[0m
  ↳ app/views/cats/index.html.erb:3
  Rendered cats/index.html.erb within layouts/application (3.6ms)
Completed 200 OK in 31ms (Views: 29.4ms | ActiveRecord: 1.1ms)


Started GET "/cats" for ::1 at 2022-02-04 15:17:06 -0800
  [1m[35m (2.5ms)[0m  [1m[34mSELECT "schema_migrations"."version" FROM "schema_migrations" ORDER BY "schema_migrations"."version" ASC[0m
  ↳ /Users/kingbloopy/.rbenv/versions/2.5.1/lib/ruby/gems/2.5.0/gems/activerecord-5.2.6/lib/active_record/log_subscriber.rb:98
Processing by CatsController#index as HTML
  Rendering cats/index.html.erb within layouts/application
  [1m[36mCat Load (0.9ms)[0m  [1m[34mSELECT "cats".* FROM "cats"[0m
  ↳ app/views/cats/index.html.erb:3
  Rendered cats/index.html.erb within layouts/application (28.0ms)
Completed 200 OK in 246ms (Views: 224.1ms | ActiveRecord: 12.3ms)


Started GET "/cats/12" for ::1 at 2022-02-04 15:17:13 -0800
Processing by CatsController#show as HTML
  Parameters: {"id"=>"12"}
Completed 200 OK in 1ms (Views: 0.4ms | ActiveRecord: 0.0ms)


Started GET "/cats/12" for ::1 at 2022-02-04 15:17:13 -0800
Processing by CatsController#show as HTML
  Parameters: {"id"=>"12"}
Completed 200 OK in 1ms (Views: 0.2ms | ActiveRecord: 0.0ms)


Started GET "/cats" for ::1 at 2022-02-04 15:17:22 -0800
Processing by CatsController#index as HTML
  Rendering cats/index.html.erb within layouts/application
  [1m[36mCat Load (0.4ms)[0m  [1m[34mSELECT "cats".* FROM "cats"[0m
  ↳ app/views/cats/index.html.erb:3
  Rendered cats/index.html.erb within layouts/application (2.9ms)
Completed 200 OK in 34ms (Views: 33.1ms | ActiveRecord: 0.4ms)


Started GET "/cats/13" for ::1 at 2022-02-04 15:17:23 -0800
Processing by CatsController#show as HTML
  Parameters: {"id"=>"13"}
Completed 200 OK in 1ms (Views: 0.1ms | ActiveRecord: 0.0ms)


Started GET "/cats/13" for ::1 at 2022-02-04 15:17:23 -0800
Processing by CatsController#show as HTML
  Parameters: {"id"=>"13"}
Completed 200 OK in 1ms (Views: 0.2ms | ActiveRecord: 0.0ms)


Started GET "/cats/13" for ::1 at 2022-02-04 15:17:25 -0800
Processing by CatsController#show as HTML
  Parameters: {"id"=>"13"}
Completed 200 OK in 1ms (Views: 0.2ms | ActiveRecord: 0.0ms)


Started GET "/cats" for ::1 at 2022-02-04 15:17:28 -0800
Processing by CatsController#index as HTML
  Rendering cats/index.html.erb within layouts/application
  [1m[36mCat Load (0.4ms)[0m  [1m[34mSELECT "cats".* FROM "cats"[0m
  ↳ app/views/cats/index.html.erb:3
  Rendered cats/index.html.erb within layouts/application (2.2ms)
Completed 200 OK in 30ms (Views: 29.2ms | ActiveRecord: 0.4ms)


Started GET "/cats/2" for ::1 at 2022-02-04 15:39:46 -0800
Processing by CatsController#show as HTML
  Parameters: {"id"=>"2"}
  [1m[36mCat Load (1.0ms)[0m  [1m[34mSELECT  "cats".* FROM "cats" WHERE "cats"."id" = $1 LIMIT $2[0m  [["id", 2], ["LIMIT", 1]]
  ↳ app/controllers/cats_controller.rb:9
Completed 404 Not Found in 27ms (ActiveRecord: 15.7ms)



ActiveRecord::RecordNotFound - Couldn't find Cat with 'id'=2:
  app/controllers/cats_controller.rb:9:in `show'

Started POST "/__better_errors/1ba7a222c5c32780/variables" for ::1 at 2022-02-04 15:39:46 -0800
