Started GET "/" for ::1 at 2022-02-10 15:02:35 -0800
DEPRECATION WARNING: ActiveRecord::Base.raise_in_transactional_callbacks= is deprecated, has no effect and will be removed without replacement. (called from block (3 levels) in <class:Railtie> at /Users/kingbloopy/.rbenv/versions/2.5.1/lib/ruby/gems/2.5.0/gems/activerecord-5.0.7.2/lib/active_record/railtie.rb:113)
Processing by StaticPagesController#index as HTML
  Rendering static_pages/index.html.erb within layouts/application
  Rendered shared/_main_nav.html.erb (440.2ms)
  Rendered shared/_masthead.html.erb (0.5ms)
  Rendered shared/_sections_nav.html.erb (0.6ms)
  Rendered shared/_search_modal.html.erb (0.3ms)
  Rendered shared/_main_content.html.erb (0.4ms)
  Rendered static_pages/index.html.erb within layouts/application (471.0ms)
Completed 200 OK in 562ms (Views: 558.2ms | ActiveRecord: 0.0ms)


Started GET "/assets/application.self-8dd92e272756570577e381f55be7e082a5c4f1045c2e6f9a44a20cf74f386dbc.css?body=1" for ::1 at 2022-02-10 15:02:36 -0800
Started GET "/assets/components/modal.self-52188644dbb47def5ee35ae02e69eb567ca9b664472357a8a5789dd39032a265.js?body=1" for ::1 at 2022-02-10 15:02:36 -0800
Started GET "/assets/components/sidebar.self-2a1277f850a6fa21e1a974ef5152f177ac05516477d5081d593bb137b3d6808b.js?body=1" for ::1 at 2022-02-10 15:02:36 -0800
Started GET "/assets/jquery.self-bd7ddd393353a8d2480a622e80342adf488fb6006d667e8b42e4c0073393abee.js?body=1" for ::1 at 2022-02-10 15:02:36 -0800
Started GET "/assets/application.self-f571b9db02bf4ed04c38a6a29072ac382f7d4f47db1fab9817aeadb0d8665235.js?body=1" for ::1 at 2022-02-10 15:02:36 -0800
Started GET "/assets/jquery_ujs.self-784a997f6726036b1993eb2217c9cb558e1cbb801c6da88105588c56f13b466a.js?body=1" for ::1 at 2022-02-10 15:02:36 -0800
Started GET "/assets/gear-d1df8ddc207fb25a791ba551107b04fc428b88374aada0458d82abf57b345c16.png" for ::1 at 2022-02-10 15:02:36 -0800
Started GET "/" for ::1 at 2022-02-10 15:11:27 -0800
Processing by StaticPagesController#index as HTML
  Rendering static_pages/index.html.erb within layouts/application
  Rendered shared/_main_nav.html.erb (2.4ms)
  Rendered shared/_masthead.html.erb (0.4ms)
  Rendered shared/_sections_nav.html.erb (0.2ms)
  Rendered shared/_search_modal.html.erb (0.3ms)
  Rendered shared/_main_content.html.erb (0.3ms)
  Rendered static_pages/index.html.erb within layouts/application (19.5ms)
Completed 200 OK in 118ms (Views: 113.8ms | ActiveRecord: 0.0ms)


Started GET "/assets/application.self-f8c631cd19a2f776ce093ae0458dbdf337e34a0d2f60477ddd45443bb90d7b1d.css?body=1" for ::1 at 2022-02-10 15:11:27 -0800
Started GET "/" for ::1 at 2022-02-10 15:11:28 -0800
Processing by StaticPagesController#index as HTML
  Rendering static_pages/index.html.erb within layouts/application
  Rendered shared/_main_nav.html.erb (1.3ms)
  Rendered shared/_masthead.html.erb (0.6ms)
  Rendered shared/_sections_nav.html.erb (0.5ms)
  Rendered shared/_search_modal.html.erb (0.5ms)
  Rendered shared/_main_content.html.erb (0.4ms)
  Rendered static_pages/index.html.erb within layouts/application (24.0ms)
Completed 200 OK in 49ms (Views: 46.2ms | ActiveRecord: 0.0ms)


Started GET "/" for ::1 at 2022-02-10 15:11:49 -0800
Processing by StaticPagesController#index as HTML
  Rendering static_pages/index.html.erb within layouts/application
  Rendered shared/_main_nav.html.erb (2.0ms)
  Rendered shared/_masthead.html.erb (0.4ms)
  Rendered shared/_sections_nav.html.erb (0.4ms)
  Rendered shared/_search_modal.html.erb (0.6ms)
  Rendered shared/_main_content.html.erb (0.5ms)
  Rendered static_pages/index.html.erb within layouts/application (26.1ms)
Completed 200 OK in 117ms (Views: 114.2ms | ActiveRecord: 0.0ms)


Started GET "/assets/application.self-ac0cd162061850eb5aa5fb9e58abfffdc24d53a668ce83ce8323e984dffb8e93.css?body=1" for ::1 at 2022-02-10 15:11:49 -0800
Started GET "/" for ::1 at 2022-02-10 15:13:05 -0800
Processing by StaticPagesController#index as HTML
  Rendering static_pages/index.html.erb within layouts/application
  Rendered shared/_main_nav.html.erb (1.0ms)
  Rendered shared/_masthead.html.erb (0.4ms)
  Rendered shared/_sections_nav.html.erb (0.3ms)
  Rendered shared/_search_modal.html.erb (0.7ms)
  Rendered shared/_main_content.html.erb (0.6ms)
  Rendered static_pages/index.html.erb within layouts/application (18.9ms)
Completed 200 OK in 103ms (Views: 100.1ms | ActiveRecord: 0.0ms)


Started GET "/assets/application.self-11f71b81ef4fa212a2fdc872f29c761e185a34c3a559f88bff44ee1e491c1acc.css?body=1" for ::1 at 2022-02-10 15:13:05 -0800
Started GET "/" for ::1 at 2022-02-10 15:13:09 -0800
Processing by StaticPagesController#index as HTML
  Rendering static_pages/index.html.erb within layouts/application
  Rendered shared/_main_nav.html.erb (1.4ms)
  Rendered shared/_masthead.html.erb (0.3ms)
  Rendered shared/_sections_nav.html.erb (0.2ms)
  Rendered shared/_search_modal.html.erb (0.3ms)
  Rendered shared/_main_content.html.erb (0.7ms)
  Rendered static_pages/index.html.erb within layouts/application (16.4ms)
Completed 200 OK in 36ms (Views: 33.6ms | ActiveRecord: 0.0ms)


Started GET "/" for ::1 at 2022-02-10 15:13:38 -0800
Processing by StaticPagesController#index as HTML
  Rendering static_pages/index.html.erb within layouts/application
  Rendered shared/_main_nav.html.erb (1.0ms)
  Rendered shared/_masthead.html.erb (0.3ms)
  Rendered shared/_sections_nav.html.erb (0.2ms)
  Rendered shared/_search_modal.html.erb (0.3ms)
  Rendered shared/_main_content.html.erb (0.5ms)
  Rendered static_pages/index.html.erb within layouts/application (14.7ms)
Completed 200 OK in 99ms (Views: 95.6ms | ActiveRecord: 0.0ms)


Started GET "/assets/application.self-28f3a3467271dcb30c261b3afd4b850990701fcb6047e4ac87f61af561bbb4b2.css?body=1" for ::1 at 2022-02-10 15:13:38 -0800
Started GET "/" for ::1 at 2022-02-10 15:17:04 -0800
Processing by StaticPagesController#index as HTML
  Rendering static_pages/index.html.erb within layouts/application
  Rendered shared/_main_nav.html.erb (2.3ms)
  Rendered shared/_masthead.html.erb (0.8ms)
  Rendered shared/_sections_nav.html.erb (0.6ms)
  Rendered shared/_search_modal.html.erb (0.4ms)
  Rendered shared/_main_content.html.erb (0.5ms)
  Rendered static_pages/index.html.erb within layouts/application (26.0ms)
Completed 200 OK in 132ms (Views: 127.8ms | ActiveRecord: 0.0ms)


Started GET "/assets/application.self-1f6cb320ee00481a200eef2eadf499ee4db87c1d76e661f1e68683495e182384.css?body=1" for ::1 at 2022-02-10 15:17:04 -0800
Started GET "/" for ::1 at 2022-02-10 15:17:04 -0800
Processing by StaticPagesController#index as HTML
  Rendering static_pages/index.html.erb within layouts/application
  Rendered shared/_main_nav.html.erb (1.2ms)
  Rendered shared/_masthead.html.erb (0.2ms)
  Rendered shared/_sections_nav.html.erb (0.3ms)
  Rendered shared/_search_modal.html.erb (0.2ms)
  Rendered shared/_main_content.html.erb (0.3ms)
  Rendered static_pages/index.html.erb within layouts/application (16.3ms)
Completed 200 OK in 38ms (Views: 35.0ms | ActiveRecord: 0.0ms)


Started GET "/" for ::1 at 2022-02-10 15:19:05 -0800
Processing by StaticPagesController#index as HTML
  Rendering static_pages/index.html.erb within layouts/application
  Rendered shared/_main_nav.html.erb (1.8ms)
  Rendered shared/_masthead.html.erb (0.4ms)
  Rendered shared/_sections_nav.html.erb (0.3ms)
  Rendered shared/_search_modal.html.erb (0.5ms)
  Rendered shared/_main_content.html.erb (0.4ms)
  Rendered static_pages/index.html.erb within layouts/application (19.7ms)
Completed 200 OK in 99ms (Views: 96.5ms | ActiveRecord: 0.0ms)


Started GET "/assets/application.self-13a8dfebf2bfe79611a0e1dfb76371ec4dcdf1a5d102c561a5a0f5f583b42174.css?body=1" for ::1 at 2022-02-10 15:19:05 -0800
Started GET "/" for ::1 at 2022-02-10 15:19:07 -0800
Processing by StaticPagesController#index as HTML
  Rendering static_pages/index.html.erb within layouts/application
  Rendered shared/_main_nav.html.erb (1.5ms)
  Rendered shared/_masthead.html.erb (0.3ms)
  Rendered shared/_sections_nav.html.erb (1.2ms)
  Rendered shared/_search_modal.html.erb (0.2ms)
  Rendered shared/_main_content.html.erb (0.5ms)
  Rendered static_pages/index.html.erb within layouts/application (20.8ms)
Completed 200 OK in 45ms (Views: 42.4ms | ActiveRecord: 0.0ms)


Started GET "/" for ::1 at 2022-02-10 15:19:10 -0800
Processing by StaticPagesController#index as HTML
  Rendering static_pages/index.html.erb within layouts/application
  Rendered shared/_main_nav.html.erb (1.3ms)
  Rendered shared/_masthead.html.erb (0.8ms)
  Rendered shared/_sections_nav.html.erb (0.3ms)
  Rendered shared/_search_modal.html.erb (0.3ms)
  Rendered shared/_main_content.html.erb (0.7ms)
  Rendered static_pages/index.html.erb within layouts/application (17.5ms)
Completed 200 OK in 42ms (Views: 39.9ms | ActiveRecord: 0.0ms)


Started GET "/" for ::1 at 2022-02-10 15:19:11 -0800
Processing by StaticPagesController#index as HTML
  Rendering static_pages/index.html.erb within layouts/application
  Rendered shared/_main_nav.html.erb (1.7ms)
  Rendered shared/_masthead.html.erb (0.3ms)
  Rendered shared/_sections_nav.html.erb (0.2ms)
  Rendered shared/_search_modal.html.erb (0.5ms)
  Rendered shared/_main_content.html.erb (0.4ms)
  Rendered static_pages/index.html.erb within layouts/application (19.3ms)
Completed 200 OK in 48ms (Views: 44.7ms | ActiveRecord: 0.0ms)


Started GET "/" for ::1 at 2022-02-10 15:20:19 -0800
Processing by StaticPagesController#index as HTML
  Rendering static_pages/index.html.erb within layouts/application
  Rendered shared/_main_nav.html.erb (1.1ms)
  Rendered shared/_masthead.html.erb (0.4ms)
  Rendered shared/_sections_nav.html.erb (0.4ms)
  Rendered shared/_search_modal.html.erb (0.2ms)
  Rendered shared/_main_content.html.erb (1.0ms)
  Rendered static_pages/index.html.erb within layouts/application (17.4ms)
Completed 200 OK in 117ms (Views: 114.0ms | ActiveRecord: 0.0ms)


Started GET "/assets/application.self-1f350394247e1cbbbd28ba81a2da8fe52d5895ccd454f82f22b09f1a854ca650.css?body=1" for ::1 at 2022-02-10 15:20:19 -0800
Started GET "/" for ::1 at 2022-02-10 15:20:47 -0800
Processing by StaticPagesController#index as HTML
  Rendering static_pages/index.html.erb within layouts/application
  Rendered shared/_main_nav.html.erb (1.3ms)
  Rendered shared/_masthead.html.erb (0.7ms)
  Rendered shared/_sections_nav.html.erb (0.4ms)
  Rendered shared/_search_modal.html.erb (0.3ms)
  Rendered shared/_main_content.html.erb (0.3ms)
  Rendered static_pages/index.html.erb within layouts/application (21.4ms)
Completed 200 OK in 113ms (Views: 108.6ms | ActiveRecord: 0.0ms)


Started GET "/assets/application.self-c0eb00a8868e2fe957d4446e58ca5b85dc1efafa6ca0cf9d3548a81b3f703f1d.css?body=1" for ::1 at 2022-02-10 15:20:47 -0800
Started GET "/" for ::1 at 2022-02-10 15:21:34 -0800
Processing by StaticPagesController#index as HTML
  Rendering static_pages/index.html.erb within layouts/application
  Rendered shared/_main_nav.html.erb (2.9ms)
  Rendered shared/_masthead.html.erb (0.6ms)
  Rendered shared/_sections_nav.html.erb (0.4ms)
  Rendered shared/_search_modal.html.erb (0.3ms)
  Rendered shared/_main_content.html.erb (0.5ms)
  Rendered static_pages/index.html.erb within layouts/application (24.0ms)
Completed 200 OK in 110ms (Views: 106.9ms | ActiveRecord: 0.0ms)


Started GET "/assets/application.self-cd2321a3825e3fdae10754f216b8c1b2c89a6b82b3c75794df5cd6ae8dccd138.css?body=1" for ::1 at 2022-02-10 15:21:34 -0800
Started GET "/" for ::1 at 2022-02-10 15:21:41 -0800
Processing by StaticPagesController#index as HTML
  Rendering static_pages/index.html.erb within layouts/application
  Rendered shared/_main_nav.html.erb (19.6ms)
  Rendered shared/_masthead.html.erb (0.5ms)
  Rendered shared/_sections_nav.html.erb (0.2ms)
  Rendered shared/_search_modal.html.erb (0.2ms)
  Rendered shared/_main_content.html.erb (0.2ms)
  Rendered static_pages/index.html.erb within layouts/application (34.8ms)
Completed 200 OK in 129ms (Views: 126.1ms | ActiveRecord: 0.0ms)


Started GET "/assets/application.self-1b0c760469b8ac1b8326ba4c30d2f5603df3f42c5caa8d65c808d2f45cbd3ab4.css?body=1" for ::1 at 2022-02-10 15:21:41 -0800
Started GET "/" for ::1 at 2022-02-10 15:22:22 -0800
Processing by StaticPagesController#index as HTML
  Rendering static_pages/index.html.erb within layouts/application
  Rendered shared/_main_nav.html.erb (1.7ms)
  Rendered shared/_masthead.html.erb (0.2ms)
  Rendered shared/_sections_nav.html.erb (0.6ms)
  Rendered shared/_search_modal.html.erb (0.3ms)
  Rendered shared/_main_content.html.erb (0.3ms)
  Rendered static_pages/index.html.erb within layouts/application (18.4ms)
Completed 200 OK in 100ms (Views: 97.5ms | ActiveRecord: 0.0ms)


Started GET "/assets/application.self-03287d19f5c208e983a32d08d6b13e5e485926b29b543fb655973db9e87b454e.css?body=1" for ::1 at 2022-02-10 15:22:23 -0800
Started GET "/" for ::1 at 2022-02-10 15:22:37 -0800
Processing by StaticPagesController#index as HTML
  Rendering static_pages/index.html.erb within layouts/application
  Rendered shared/_main_nav.html.erb (2.6ms)
  Rendered shared/_masthead.html.erb (0.7ms)
  Rendered shared/_sections_nav.html.erb (0.5ms)
  Rendered shared/_search_modal.html.erb (0.3ms)
  Rendered shared/_main_content.html.erb (0.4ms)
  Rendered static_pages/index.html.erb within layouts/application (24.7ms)
Completed 200 OK in 108ms (Views: 104.6ms | ActiveRecord: 0.0ms)


Started GET "/assets/application.self-f1b9c422e8fc04b951a4ea65b2e8cefb7593b3feae40e5eb0d64149ef1694b37.css?body=1" for ::1 at 2022-02-10 15:22:37 -0800
Started GET "/" for ::1 at 2022-02-10 15:23:04 -0800
Processing by StaticPagesController#index as HTML
  Rendering static_pages/index.html.erb within layouts/application
  Rendered shared/_main_nav.html.erb (1.9ms)
  Rendered shared/_masthead.html.erb (0.2ms)
  Rendered shared/_sections_nav.html.erb (0.8ms)
  Rendered shared/_search_modal.html.erb (0.3ms)
  Rendered shared/_main_content.html.erb (0.5ms)
  Rendered static_pages/index.html.erb within layouts/application (23.0ms)
Completed 200 OK in 110ms (Views: 105.1ms | ActiveRecord: 0.0ms)


Started GET "/assets/application.self-6ed0844a2cef12b9b918d2c745a15b96c1cb3df4d4dbd56c9741a1c7450c7ad6.css?body=1" for ::1 at 2022-02-10 15:23:04 -0800
Started GET "/" for ::1 at 2022-02-10 15:23:05 -0800
Processing by StaticPagesController#index as HTML
  Rendering static_pages/index.html.erb within layouts/application
  Rendered shared/_main_nav.html.erb (1.3ms)
  Rendered shared/_masthead.html.erb (0.2ms)
  Rendered shared/_sections_nav.html.erb (0.2ms)
  Rendered shared/_search_modal.html.erb (0.3ms)
  Rendered shared/_main_content.html.erb (0.3ms)
  Rendered static_pages/index.html.erb within layouts/application (13.7ms)
Completed 200 OK in 35ms (Views: 32.2ms | ActiveRecord: 0.0ms)


Started GET "/" for ::1 at 2022-02-10 15:23:05 -0800
Processing by StaticPagesController#index as HTML
  Rendering static_pages/index.html.erb within layouts/application
  Rendered shared/_main_nav.html.erb (1.3ms)
  Rendered shared/_masthead.html.erb (0.3ms)
  Rendered shared/_sections_nav.html.erb (0.3ms)
  Rendered shared/_search_modal.html.erb (0.9ms)
  Rendered shared/_main_content.html.erb (0.3ms)
  Rendered static_pages/index.html.erb within layouts/application (16.6ms)
Completed 200 OK in 39ms (Views: 35.9ms | ActiveRecord: 0.0ms)


Started GET "/" for ::1 at 2022-02-10 15:23:12 -0800
Processing by StaticPagesController#index as HTML
  Rendering static_pages/index.html.erb within layouts/application
  Rendered shared/_main_nav.html.erb (2.8ms)
  Rendered shared/_masthead.html.erb (0.3ms)
  Rendered shared/_sections_nav.html.erb (0.7ms)
  Rendered shared/_search_modal.html.erb (0.7ms)
  Rendered shared/_main_content.html.erb (0.4ms)
  Rendered static_pages/index.html.erb within layouts/application (27.2ms)
Completed 200 OK in 120ms (Views: 114.8ms | ActiveRecord: 0.0ms)


Started GET "/assets/application.self-83d59f022ea463a13d50dd30779b17b3665fa794f6933cb3aa918143eb32de9b.css?body=1" for ::1 at 2022-02-10 15:23:13 -0800
Started GET "/" for ::1 at 2022-02-10 15:23:13 -0800
Processing by StaticPagesController#index as HTML
  Rendering static_pages/index.html.erb within layouts/application
  Rendered shared/_main_nav.html.erb (1.0ms)
  Rendered shared/_masthead.html.erb (0.2ms)
  Rendered shared/_sections_nav.html.erb (0.2ms)
  Rendered shared/_search_modal.html.erb (0.2ms)
  Rendered shared/_main_content.html.erb (0.4ms)
  Rendered static_pages/index.html.erb within layouts/application (13.8ms)
Completed 200 OK in 32ms (Views: 29.3ms | ActiveRecord: 0.0ms)


Started GET "/" for ::1 at 2022-02-10 15:23:16 -0800
Processing by StaticPagesController#index as HTML
  Rendering static_pages/index.html.erb within layouts/application
  Rendered shared/_main_nav.html.erb (2.1ms)
  Rendered shared/_masthead.html.erb (0.4ms)
  Rendered shared/_sections_nav.html.erb (0.3ms)
  Rendered shared/_search_modal.html.erb (0.4ms)
  Rendered shared/_main_content.html.erb (0.3ms)
  Rendered static_pages/index.html.erb within layouts/application (18.7ms)
Completed 200 OK in 38ms (Views: 35.9ms | ActiveRecord: 0.0ms)


Started GET "/" for ::1 at 2022-02-10 15:25:46 -0800
Processing by StaticPagesController#index as HTML
  Rendering static_pages/index.html.erb within layouts/application
  Rendered shared/_main_nav.html.erb (2.7ms)
  Rendered shared/_masthead.html.erb (0.2ms)
  Rendered shared/_sections_nav.html.erb (0.5ms)
  Rendered shared/_search_modal.html.erb (0.2ms)
  Rendered shared/_main_content.html.erb (0.5ms)
  Rendered static_pages/index.html.erb within layouts/application (23.4ms)
Completed 200 OK in 123ms (Views: 118.0ms | ActiveRecord: 0.0ms)


Started GET "/assets/application.self-039fe97b9333645c3b8653fc78ad0a6899abce51288e0b9d233f977cb663007f.css?body=1" for ::1 at 2022-02-10 15:25:46 -0800
Started GET "/" for ::1 at 2022-02-10 15:26:13 -0800
Processing by StaticPagesController#index as HTML
  Rendering static_pages/index.html.erb within layouts/application
  Rendered shared/_main_nav.html.erb (1.5ms)
  Rendered shared/_masthead.html.erb (0.3ms)
  Rendered shared/_sections_nav.html.erb (0.4ms)
  Rendered shared/_search_modal.html.erb (0.4ms)
  Rendered shared/_main_content.html.erb (0.5ms)
  Rendered static_pages/index.html.erb within layouts/application (18.9ms)
Completed 200 OK in 40ms (Views: 36.4ms | ActiveRecord: 0.0ms)


Started GET "/" for ::1 at 2022-02-10 15:27:06 -0800
Processing by StaticPagesController#index as HTML
  Rendering static_pages/index.html.erb within layouts/application
  Rendered shared/_main_nav.html.erb (1.9ms)
  Rendered shared/_masthead.html.erb (0.4ms)
  Rendered shared/_sections_nav.html.erb (0.3ms)
  Rendered shared/_search_modal.html.erb (0.4ms)
  Rendered shared/_main_content.html.erb (0.4ms)
  Rendered static_pages/index.html.erb within layouts/application (22.7ms)
Completed 200 OK in 125ms (Views: 122.7ms | ActiveRecord: 0.0ms)


Started GET "/assets/application.self-f746af743dc3563c547ae45aa929b46f4fb1fff3c965db586d01cc39fca5044b.css?body=1" for ::1 at 2022-02-10 15:27:07 -0800
Started GET "/" for ::1 at 2022-02-10 15:27:07 -0800
Processing by StaticPagesController#index as HTML
  Rendering static_pages/index.html.erb within layouts/application
  Rendered shared/_main_nav.html.erb (1.1ms)
  Rendered shared/_masthead.html.erb (0.2ms)
  Rendered shared/_sections_nav.html.erb (0.2ms)
  Rendered shared/_search_modal.html.erb (0.5ms)
  Rendered shared/_main_content.html.erb (0.3ms)
  Rendered static_pages/index.html.erb within layouts/application (14.5ms)
Completed 200 OK in 41ms (Views: 38.9ms | ActiveRecord: 0.0ms)


Started GET "/" for ::1 at 2022-02-10 15:27:08 -0800
Processing by StaticPagesController#index as HTML
  Rendering static_pages/index.html.erb within layouts/application
  Rendered shared/_main_nav.html.erb (1.7ms)
  Rendered shared/_masthead.html.erb (0.2ms)
  Rendered shared/_sections_nav.html.erb (0.2ms)
  Rendered shared/_search_modal.html.erb (0.1ms)
  Rendered shared/_main_content.html.erb (0.4ms)
  Rendered static_pages/index.html.erb within layouts/application (14.8ms)
Completed 200 OK in 38ms (Views: 35.2ms | ActiveRecord: 0.0ms)


Started GET "/" for ::1 at 2022-02-10 15:27:16 -0800
Processing by StaticPagesController#index as HTML
  Rendering static_pages/index.html.erb within layouts/application
  Rendered shared/_main_nav.html.erb (1.9ms)
  Rendered shared/_masthead.html.erb (0.4ms)
  Rendered shared/_sections_nav.html.erb (0.2ms)
  Rendered shared/_search_modal.html.erb (0.5ms)
  Rendered shared/_main_content.html.erb (0.3ms)
  Rendered static_pages/index.html.erb within layouts/application (18.4ms)
Completed 200 OK in 91ms (Views: 88.3ms | ActiveRecord: 0.0ms)


Started GET "/assets/application.self-018a0318f6d9f42efeb853b60124edfdb1288a97bc33e35f9f10370ffb352829.css?body=1" for ::1 at 2022-02-10 15:27:16 -0800
Started GET "/" for ::1 at 2022-02-10 15:27:29 -0800
Processing by StaticPagesController#index as HTML
  Rendering static_pages/index.html.erb within layouts/application
  Rendered shared/_main_nav.html.erb (2.1ms)
  Rendered shared/_masthead.html.erb (0.7ms)
  Rendered shared/_sections_nav.html.erb (0.5ms)
  Rendered shared/_search_modal.html.erb (0.5ms)
  Rendered shared/_main_content.html.erb (0.3ms)
  Rendered static_pages/index.html.erb within layouts/application (23.9ms)
Completed 200 OK in 115ms (Views: 110.0ms | ActiveRecord: 0.0ms)


Started GET "/assets/application.self-51f57a83640c4b97e7ca3f111f1bbdb39ece0b8aefa395e09cec1ce6ce40c1fa.css?body=1" for ::1 at 2022-02-10 15:27:29 -0800
Started GET "/" for ::1 at 2022-02-10 15:31:19 -0800
Processing by StaticPagesController#index as HTML
  Rendering static_pages/index.html.erb within layouts/application
  Rendered shared/_main_nav.html.erb (1.1ms)
  Rendered shared/_masthead.html.erb (0.3ms)
  Rendered shared/_sections_nav.html.erb (0.5ms)
  Rendered shared/_search_modal.html.erb (1.0ms)
  Rendered shared/_main_content.html.erb (0.4ms)
  Rendered static_pages/index.html.erb within layouts/application (20.2ms)
Completed 200 OK in 129ms (Views: 125.8ms | ActiveRecord: 0.0ms)


Started GET "/assets/application.self-e199070f6ceb77c95261419fb3bd8e076dac24086dd9a61384ea8cff5c702de5.css?body=1" for ::1 at 2022-02-10 15:31:19 -0800
Started GET "/" for ::1 at 2022-02-10 15:31:57 -0800
Processing by StaticPagesController#index as HTML
  Rendering static_pages/index.html.erb within layouts/application
  Rendered shared/_main_nav.html.erb (3.6ms)
  Rendered shared/_masthead.html.erb (0.4ms)
  Rendered shared/_sections_nav.html.erb (0.4ms)
  Rendered shared/_search_modal.html.erb (0.4ms)
  Rendered shared/_main_content.html.erb (0.3ms)
  Rendered static_pages/index.html.erb within layouts/application (24.9ms)
Completed 200 OK in 125ms (Views: 120.9ms | ActiveRecord: 0.0ms)


Started GET "/assets/application.self-15b0d0adea791980013e3eb3116d3477fb92ad73e4e40493b4a594afa20dd8a4.css?body=1" for ::1 at 2022-02-10 15:31:57 -0800
Started GET "/" for ::1 at 2022-02-10 15:32:00 -0800
Processing by StaticPagesController#index as HTML
  Rendering static_pages/index.html.erb within layouts/application
  Rendered shared/_main_nav.html.erb (1.2ms)
  Rendered shared/_masthead.html.erb (0.3ms)
  Rendered shared/_sections_nav.html.erb (0.3ms)
  Rendered shared/_search_modal.html.erb (0.3ms)
  Rendered shared/_main_content.html.erb (0.3ms)
  Rendered static_pages/index.html.erb within layouts/application (17.1ms)
Completed 200 OK in 37ms (Views: 34.7ms | ActiveRecord: 0.0ms)


Started GET "/" for ::1 at 2022-02-10 15:34:14 -0800
Processing by StaticPagesController#index as HTML
  Rendering static_pages/index.html.erb within layouts/application
  Rendered shared/_main_nav.html.erb (1.3ms)
  Rendered shared/_masthead.html.erb (0.2ms)
  Rendered shared/_sections_nav.html.erb (0.2ms)
  Rendered shared/_search_modal.html.erb (0.6ms)
  Rendered shared/_main_content.html.erb (0.7ms)
  Rendered static_pages/index.html.erb within layouts/application (16.5ms)
Completed 200 OK in 105ms (Views: 102.3ms | ActiveRecord: 0.0ms)


Started GET "/assets/application.self-77bd627c98600868e7a860f8975138cd51b1d2a85cda6528f28b8ee9b6985988.css?body=1" for ::1 at 2022-02-10 15:34:14 -0800
Started GET "/" for ::1 at 2022-02-10 15:34:37 -0800
Processing by StaticPagesController#index as HTML
  Rendering static_pages/index.html.erb within layouts/application
  Rendered shared/_main_nav.html.erb (1.0ms)
  Rendered shared/_masthead.html.erb (0.6ms)
  Rendered shared/_sections_nav.html.erb (0.2ms)
  Rendered shared/_search_modal.html.erb (0.3ms)
  Rendered shared/_main_content.html.erb (0.4ms)
  Rendered static_pages/index.html.erb within layouts/application (19.3ms)
Completed 200 OK in 47ms (Views: 44.0ms | ActiveRecord: 0.0ms)


Started GET "/" for ::1 at 2022-02-10 15:35:08 -0800
Processing by StaticPagesController#index as HTML
  Rendering static_pages/index.html.erb within layouts/application
  Rendered shared/_main_nav.html.erb (1.9ms)
  Rendered shared/_masthead.html.erb (0.9ms)
  Rendered shared/_sections_nav.html.erb (0.4ms)
  Rendered shared/_search_modal.html.erb (0.2ms)
  Rendered shared/_main_content.html.erb (0.3ms)
  Rendered static_pages/index.html.erb within layouts/application (23.0ms)
Completed 200 OK in 119ms (Views: 114.2ms | ActiveRecord: 0.0ms)


Started GET "/assets/application.self-3ba45c600f300e353a871ef87baee58d97d56d147603d851a7948103fb6a585e.css?body=1" for ::1 at 2022-02-10 15:35:08 -0800
Started GET "/" for ::1 at 2022-02-10 15:35:35 -0800
Processing by StaticPagesController#index as HTML
  Rendering static_pages/index.html.erb within layouts/application
  Rendered shared/_main_nav.html.erb (3.3ms)
  Rendered shared/_masthead.html.erb (0.5ms)
  Rendered shared/_sections_nav.html.erb (0.5ms)
  Rendered shared/_search_modal.html.erb (0.3ms)
  Rendered shared/_main_content.html.erb (0.5ms)
  Rendered static_pages/index.html.erb within layouts/application (26.7ms)
Completed 200 OK in 122ms (Views: 119.3ms | ActiveRecord: 0.0ms)


Started GET "/assets/application.self-79660ba268ca15bb84ca546f90b093e8047e2113b12c36b9b999b5d02c48d627.css?body=1" for ::1 at 2022-02-10 15:35:35 -0800
Started GET "/" for ::1 at 2022-02-10 15:35:43 -0800
Processing by StaticPagesController#index as HTML
  Rendering static_pages/index.html.erb within layouts/application
  Rendered shared/_main_nav.html.erb (2.7ms)
  Rendered shared/_masthead.html.erb (0.3ms)
  Rendered shared/_sections_nav.html.erb (0.4ms)
  Rendered shared/_search_modal.html.erb (0.2ms)
  Rendered shared/_main_content.html.erb (0.6ms)
  Rendered static_pages/index.html.erb within layouts/application (27.7ms)
Completed 200 OK in 128ms (Views: 124.3ms | ActiveRecord: 0.0ms)


Started GET "/assets/application.self-0e7ce719d6bd53dd6363aefd969bf5ef87c93fd39ecccabc2aa10eb8a89e47b6.css?body=1" for ::1 at 2022-02-10 15:35:43 -0800
Started GET "/" for ::1 at 2022-02-10 15:35:50 -0800
Processing by StaticPagesController#index as HTML
  Rendering static_pages/index.html.erb within layouts/application
  Rendered shared/_main_nav.html.erb (1.9ms)
  Rendered shared/_masthead.html.erb (0.2ms)
  Rendered shared/_sections_nav.html.erb (0.5ms)
  Rendered shared/_search_modal.html.erb (0.3ms)
  Rendered shared/_main_content.html.erb (0.6ms)
  Rendered static_pages/index.html.erb within layouts/application (20.2ms)
Completed 200 OK in 100ms (Views: 96.1ms | ActiveRecord: 0.0ms)


Started GET "/assets/application.self-88813644607a69e1e515864a2e8a55068b87c9bbc774a9bc88cd8df126ec7471.css?body=1" for ::1 at 2022-02-10 15:35:50 -0800
Started GET "/" for ::1 at 2022-02-10 15:37:58 -0800
Processing by StaticPagesController#index as HTML
  Rendering static_pages/index.html.erb within layouts/application
  Rendered shared/_main_nav.html.erb (2.0ms)
  Rendered shared/_masthead.html.erb (0.6ms)
  Rendered shared/_sections_nav.html.erb (0.4ms)
  Rendered shared/_search_modal.html.erb (0.4ms)
  Rendered shared/_main_content.html.erb (0.3ms)
  Rendered static_pages/index.html.erb within layouts/application (25.8ms)
Completed 200 OK in 125ms (Views: 122.1ms | ActiveRecord: 0.0ms)


Started GET "/assets/application.self-b7d8f95a9be31de67746fce6b5032e6729a982d405345b0537acf67734d74b73.css?body=1" for ::1 at 2022-02-10 15:37:58 -0800
Started GET "/" for ::1 at 2022-02-10 15:38:07 -0800
Processing by StaticPagesController#index as HTML
  Rendering static_pages/index.html.erb within layouts/application
  Rendered shared/_main_nav.html.erb (1.8ms)
  Rendered shared/_masthead.html.erb (0.8ms)
  Rendered shared/_sections_nav.html.erb (0.4ms)
  Rendered shared/_search_modal.html.erb (1.1ms)
  Rendered shared/_main_content.html.erb (0.3ms)
  Rendered static_pages/index.html.erb within layouts/application (26.2ms)
Completed 200 OK in 73ms (Views: 69.3ms | ActiveRecord: 0.0ms)


Started GET "/" for ::1 at 2022-02-10 15:38:19 -0800
Processing by StaticPagesController#index as HTML
  Rendering static_pages/index.html.erb within layouts/application
  Rendered shared/_main_nav.html.erb (1.1ms)
  Rendered shared/_masthead.html.erb (0.3ms)
  Rendered shared/_sections_nav.html.erb (0.5ms)
  Rendered shared/_search_modal.html.erb (0.4ms)
  Rendered shared/_main_content.html.erb (0.3ms)
  Rendered static_pages/index.html.erb within layouts/application (17.1ms)
Completed 200 OK in 41ms (Views: 37.2ms | ActiveRecord: 0.0ms)


Started GET "/" for ::1 at 2022-02-10 15:38:53 -0800
Processing by StaticPagesController#index as HTML
  Rendering static_pages/index.html.erb within layouts/application
  Rendered shared/_main_nav.html.erb (2.2ms)
  Rendered shared/_masthead.html.erb (0.3ms)
  Rendered shared/_sections_nav.html.erb (0.4ms)
  Rendered shared/_search_modal.html.erb (0.6ms)
  Rendered shared/_main_content.html.erb (0.3ms)
  Rendered static_pages/index.html.erb within layouts/application (18.6ms)
Completed 200 OK in 99ms (Views: 95.3ms | ActiveRecord: 0.0ms)


Started GET "/assets/application.self-49f96ffd88ba1721be1d9f311dbf804e803d9d132a9dafedeffa9967c2c17db3.css?body=1" for ::1 at 2022-02-10 15:38:53 -0800
Started GET "/" for ::1 at 2022-02-10 15:38:58 -0800
Processing by StaticPagesController#index as HTML
  Rendering static_pages/index.html.erb within layouts/application
  Rendered shared/_main_nav.html.erb (1.6ms)
  Rendered shared/_masthead.html.erb (1.0ms)
  Rendered shared/_sections_nav.html.erb (0.5ms)
  Rendered shared/_search_modal.html.erb (0.5ms)
  Rendered shared/_main_content.html.erb (0.5ms)
  Rendered static_pages/index.html.erb within layouts/application (27.4ms)
Completed 200 OK in 146ms (Views: 141.3ms | ActiveRecord: 0.0ms)


Started GET "/assets/application.self-9b5b8071a4238fca752755d776d81c08fb2fa12de3f00708b0e2039cb4a0879f.css?body=1" for ::1 at 2022-02-10 15:38:58 -0800
Started GET "/" for ::1 at 2022-02-10 16:02:06 -0800
DEPRECATION WARNING: ActiveRecord::Base.raise_in_transactional_callbacks= is deprecated, has no effect and will be removed without replacement. (called from block (3 levels) in <class:Railtie> at /Users/kingbloopy/.rbenv/versions/2.5.1/lib/ruby/gems/2.5.0/gems/activerecord-5.0.7.2/lib/active_record/railtie.rb:113)
Processing by StaticPagesController#index as HTML
  Rendering static_pages/index.html.erb within layouts/application
  Rendered shared/_main_nav.html.erb (274.1ms)
  Rendered shared/_masthead.html.erb (0.4ms)
  Rendered shared/_sections_nav.html.erb (0.4ms)
  Rendered shared/_search_modal.html.erb (0.4ms)
  Rendered shared/_main_content.html.erb (0.5ms)
  Rendered static_pages/index.html.erb within layouts/application (314.6ms)
Completed 200 OK in 374ms (Views: 369.3ms | ActiveRecord: 0.0ms)


Started GET "/" for ::1 at 2022-02-10 16:03:30 -0800
Processing by StaticPagesController#index as HTML
  Rendering static_pages/index.html.erb within layouts/application
  Rendered shared/_main_nav.html.erb (1.9ms)
  Rendered shared/_masthead.html.erb (0.6ms)
  Rendered shared/_sections_nav.html.erb (0.7ms)
  Rendered shared/_search_modal.html.erb (0.6ms)
  Rendered shared/_main_content.html.erb (0.4ms)
  Rendered static_pages/index.html.erb within layouts/application (26.2ms)
Completed 200 OK in 118ms (Views: 114.8ms | ActiveRecord: 0.0ms)


Started GET "/assets/application.self-2fa235646b10dc159f65ab8bf142fe49e26e30b91e29973ac38fb9ab8e066df0.css?body=1" for ::1 at 2022-02-10 16:03:30 -0800
Started GET "/" for ::1 at 2022-02-10 16:05:13 -0800
Processing by StaticPagesController#index as HTML
  Rendering static_pages/index.html.erb within layouts/application
  Rendered shared/_main_nav.html.erb (1.6ms)
  Rendered shared/_masthead.html.erb (0.3ms)
  Rendered shared/_sections_nav.html.erb (0.5ms)
  Rendered shared/_search_modal.html.erb (0.3ms)
  Rendered shared/_main_content.html.erb (0.4ms)
  Rendered static_pages/index.html.erb within layouts/application (25.5ms)
Completed 200 OK in 145ms (Views: 139.1ms | ActiveRecord: 0.0ms)


Started GET "/assets/application.self-d2ff63ad6ade4635381594de6893d2f09a59a9a1a6ce29ffab08280b1f6ed99f.css?body=1" for ::1 at 2022-02-10 16:05:13 -0800
Started GET "/" for ::1 at 2022-02-10 16:06:19 -0800
Processing by StaticPagesController#index as HTML
  Rendering static_pages/index.html.erb within layouts/application
  Rendered shared/_main_nav.html.erb (2.3ms)
  Rendered shared/_masthead.html.erb (0.5ms)
  Rendered shared/_sections_nav.html.erb (0.2ms)
  Rendered shared/_search_modal.html.erb (0.3ms)
  Rendered shared/_main_content.html.erb (0.5ms)
  Rendered static_pages/index.html.erb within layouts/application (24.0ms)
Completed 200 OK in 143ms (Views: 139.1ms | ActiveRecord: 0.0ms)


Started GET "/assets/application.self-00795d14a357c0c5ec55895c1932b92b4b4f44add77e3b4e8050750e36f2abf5.css?body=1" for ::1 at 2022-02-10 16:06:20 -0800
Started GET "/" for ::1 at 2022-02-10 16:07:19 -0800
Processing by StaticPagesController#index as HTML
  Rendering static_pages/index.html.erb within layouts/application
  Rendered shared/_main_nav.html.erb (2.3ms)
  Rendered shared/_masthead.html.erb (0.5ms)
  Rendered shared/_sections_nav.html.erb (0.6ms)
  Rendered shared/_search_modal.html.erb (0.5ms)
  Rendered shared/_main_content.html.erb (0.4ms)
  Rendered static_pages/index.html.erb within layouts/application (23.8ms)
Completed 200 OK in 126ms (Views: 123.3ms | ActiveRecord: 0.0ms)


Started GET "/assets/application.self-bc59c932e43a9c430e6d000dc10f7a6f5fbfb9d081582864040c91dbd592aa44.css?body=1" for ::1 at 2022-02-10 16:07:19 -0800
Started GET "/" for ::1 at 2022-02-10 16:07:20 -0800
Processing by StaticPagesController#index as HTML
  Rendering static_pages/index.html.erb within layouts/application
  Rendered shared/_main_nav.html.erb (1.7ms)
  Rendered shared/_masthead.html.erb (0.7ms)
  Rendered shared/_sections_nav.html.erb (0.4ms)
  Rendered shared/_search_modal.html.erb (0.3ms)
  Rendered shared/_main_content.html.erb (0.6ms)
  Rendered static_pages/index.html.erb within layouts/application (23.2ms)
Completed 200 OK in 51ms (Views: 48.1ms | ActiveRecord: 0.0ms)


Started GET "/" for ::1 at 2022-02-10 16:07:56 -0800
Processing by StaticPagesController#index as HTML
  Rendering static_pages/index.html.erb within layouts/application
  Rendered shared/_main_nav.html.erb (1.1ms)
  Rendered shared/_masthead.html.erb (0.3ms)
  Rendered shared/_sections_nav.html.erb (0.4ms)
  Rendered shared/_search_modal.html.erb (0.4ms)
  Rendered shared/_main_content.html.erb (0.9ms)
  Rendered static_pages/index.html.erb within layouts/application (22.7ms)
Completed 200 OK in 125ms (Views: 120.1ms | ActiveRecord: 0.0ms)


Started GET "/assets/application.self-3681117bb2c017e6d88d98a17bd4022df0a63a86f40ac769b8a56635f2029bb4.css?body=1" for ::1 at 2022-02-10 16:07:57 -0800
Started GET "/" for ::1 at 2022-02-10 16:08:27 -0800
Processing by StaticPagesController#index as HTML
  Rendering static_pages/index.html.erb within layouts/application
  Rendered shared/_main_nav.html.erb (1.6ms)
  Rendered shared/_masthead.html.erb (0.3ms)
  Rendered shared/_sections_nav.html.erb (0.4ms)
  Rendered shared/_search_modal.html.erb (0.7ms)
  Rendered shared/_main_content.html.erb (0.7ms)
  Rendered static_pages/index.html.erb within layouts/application (21.9ms)
Completed 200 OK in 140ms (Views: 135.9ms | ActiveRecord: 0.0ms)


Started GET "/assets/application.self-9e2eadda581d5b462f3a4c5ebd6ef88e29bf6397f870b87425a663059af9027f.css?body=1" for ::1 at 2022-02-10 16:08:27 -0800
Started GET "/" for ::1 at 2022-02-10 16:13:07 -0800
Processing by StaticPagesController#index as HTML
  Rendering static_pages/index.html.erb within layouts/application
  Rendered shared/_main_nav.html.erb (1.1ms)
  Rendered shared/_masthead.html.erb (0.7ms)
  Rendered shared/_sections_nav.html.erb (0.3ms)
  Rendered shared/_search_modal.html.erb (0.3ms)
  Rendered shared/_main_content.html.erb (0.3ms)
  Rendered static_pages/index.html.erb within layouts/application (20.0ms)
Completed 200 OK in 129ms (Views: 126.3ms | ActiveRecord: 0.0ms)


Started GET "/assets/application.self-96e644b2fc6105458394e329fc97493c68d5c01ddbab2d0cdd560d823f441fc0.css?body=1" for ::1 at 2022-02-10 16:13:07 -0800
Started GET "/" for ::1 at 2022-02-10 16:18:10 -0800
Processing by StaticPagesController#index as HTML
  Rendering static_pages/index.html.erb within layouts/application
  Rendered shared/_main_nav.html.erb (2.3ms)
  Rendered shared/_masthead.html.erb (0.5ms)
  Rendered shared/_sections_nav.html.erb (0.6ms)
  Rendered shared/_search_modal.html.erb (0.4ms)
  Rendered shared/_main_content.html.erb (0.3ms)
  Rendered static_pages/index.html.erb within layouts/application (28.4ms)
Completed 200 OK in 137ms (Views: 132.9ms | ActiveRecord: 0.0ms)


Started GET "/assets/application.self-ca899a31e9c0633a80906f1bcc78d14d801e8fbe157b59fda872a3742d84b0c5.css?body=1" for ::1 at 2022-02-10 16:18:10 -0800
Started GET "/" for ::1 at 2022-02-10 16:18:55 -0800
Processing by StaticPagesController#index as HTML
  Rendering static_pages/index.html.erb within layouts/application
  Rendered shared/_main_nav.html.erb (2.4ms)
  Rendered shared/_masthead.html.erb (1.1ms)
  Rendered shared/_sections_nav.html.erb (0.9ms)
  Rendered shared/_search_modal.html.erb (0.6ms)
  Rendered shared/_main_content.html.erb (0.4ms)
  Rendered static_pages/index.html.erb within layouts/application (32.4ms)
Completed 200 OK in 150ms (Views: 146.2ms | ActiveRecord: 0.0ms)


Started GET "/assets/application.self-c685e1f85e30f7afa372347761ff56c672464d858fea3bed186ebc9fba7d2967.css?body=1" for ::1 at 2022-02-10 16:18:55 -0800
Started GET "/" for ::1 at 2022-02-10 16:19:21 -0800
Processing by StaticPagesController#index as HTML
  Rendering static_pages/index.html.erb within layouts/application
  Rendered shared/_main_nav.html.erb (3.8ms)
  Rendered shared/_masthead.html.erb (0.4ms)
  Rendered shared/_sections_nav.html.erb (0.4ms)
  Rendered shared/_search_modal.html.erb (0.4ms)
  Rendered shared/_main_content.html.erb (0.8ms)
  Rendered static_pages/index.html.erb within layouts/application (43.4ms)
Completed 200 OK in 154ms (Views: 150.5ms | ActiveRecord: 0.0ms)


Started GET "/assets/application.self-33fc769b79adaa7a39874e60ac96939849b0cb62b818572a77ec6f3f9decae8b.css?body=1" for ::1 at 2022-02-10 16:19:21 -0800
Started GET "/" for ::1 at 2022-02-10 16:40:04 -0800
Processing by StaticPagesController#index as HTML
  Rendering static_pages/index.html.erb within layouts/application
  Rendered shared/_main_nav.html.erb (2.1ms)
  Rendered shared/_masthead.html.erb (1.8ms)
  Rendered shared/_sections_nav.html.erb (0.5ms)
  Rendered shared/_search_modal.html.erb (0.2ms)
  Rendered shared/_main_content.html.erb (0.2ms)
  Rendered static_pages/index.html.erb within layouts/application (23.3ms)
Completed 200 OK in 58ms (Views: 55.2ms | ActiveRecord: 0.0ms)


Started GET "/assets/AA_Times_Logo-e1718475fb0f0b8b1bc532d8879cc2e9c78f23b104b0c0989a179d78fc8747fa.png" for ::1 at 2022-02-10 16:40:04 -0800
Started GET "/" for ::1 at 2022-02-10 16:48:06 -0800
Processing by StaticPagesController#index as HTML
  Rendering static_pages/index.html.erb within layouts/application
  Rendered shared/_main_nav.html.erb (2.0ms)
  Rendered shared/_masthead.html.erb (1.4ms)
  Rendered shared/_sections_nav.html.erb (0.2ms)
  Rendered shared/_search_modal.html.erb (0.3ms)
  Rendered shared/_main_content.html.erb (0.3ms)
  Rendered static_pages/index.html.erb within layouts/application (16.2ms)
Completed 200 OK in 36ms (Views: 33.0ms | ActiveRecord: 0.0ms)


Started GET "/" for ::1 at 2022-02-10 16:48:28 -0800
Processing by StaticPagesController#index as HTML
  Rendering static_pages/index.html.erb within layouts/application
  Rendered shared/_main_nav.html.erb (1.1ms)
  Rendered shared/_masthead.html.erb (1.5ms)
  Rendered shared/_sections_nav.html.erb (0.3ms)
  Rendered shared/_search_modal.html.erb (0.6ms)
  Rendered shared/_main_content.html.erb (0.4ms)
  Rendered static_pages/index.html.erb within layouts/application (19.8ms)
Completed 200 OK in 45ms (Views: 43.2ms | ActiveRecord: 0.0ms)


Started GET "/" for ::1 at 2022-02-10 16:53:33 -0800
Processing by StaticPagesController#index as HTML
  Rendering static_pages/index.html.erb within layouts/application
  Rendered shared/_main_nav.html.erb (1.9ms)
  Rendered shared/_masthead.html.erb (2.0ms)
  Rendered shared/_sections_nav.html.erb (0.4ms)
  Rendered shared/_search_modal.html.erb (0.3ms)
  Rendered shared/_main_content.html.erb (0.3ms)
  Rendered static_pages/index.html.erb within layouts/application (21.4ms)
Completed 200 OK in 44ms (Views: 40.7ms | ActiveRecord: 0.0ms)


Started GET "/" for ::1 at 2022-02-10 16:54:31 -0800
Processing by StaticPagesController#index as HTML
  Rendering static_pages/index.html.erb within layouts/application
  Rendered shared/_main_nav.html.erb (1.7ms)
  Rendered shared/_masthead.html.erb (0.9ms)
  Rendered shared/_sections_nav.html.erb (0.3ms)
  Rendered shared/_search_modal.html.erb (0.4ms)
  Rendered shared/_main_content.html.erb (0.3ms)
  Rendered static_pages/index.html.erb within layouts/application (18.5ms)
Completed 200 OK in 108ms (Views: 105.6ms | ActiveRecord: 0.0ms)


Started GET "/assets/application.self-54b65e9aab74b560bd550156efa0cb8a86e1d2894f67295fb458369ff4b06b15.css?body=1" for ::1 at 2022-02-10 16:54:31 -0800
Started GET "/" for ::1 at 2022-02-10 16:54:32 -0800
Processing by StaticPagesController#index as HTML
  Rendering static_pages/index.html.erb within layouts/application
  Rendered shared/_main_nav.html.erb (1.7ms)
  Rendered shared/_masthead.html.erb (1.6ms)
  Rendered shared/_sections_nav.html.erb (0.3ms)
  Rendered shared/_search_modal.html.erb (0.3ms)
  Rendered shared/_main_content.html.erb (0.4ms)
  Rendered static_pages/index.html.erb within layouts/application (18.7ms)
Completed 200 OK in 42ms (Views: 38.1ms | ActiveRecord: 0.0ms)


Started GET "/" for ::1 at 2022-02-10 16:54:33 -0800
Processing by StaticPagesController#index as HTML
  Rendering static_pages/index.html.erb within layouts/application
  Rendered shared/_main_nav.html.erb (1.9ms)
  Rendered shared/_masthead.html.erb (1.4ms)
  Rendered shared/_sections_nav.html.erb (0.4ms)
  Rendered shared/_search_modal.html.erb (0.6ms)
  Rendered shared/_main_content.html.erb (0.3ms)
  Rendered static_pages/index.html.erb within layouts/application (21.2ms)
Completed 200 OK in 49ms (Views: 45.2ms | ActiveRecord: 0.0ms)


Started GET "/" for ::1 at 2022-02-10 16:54:34 -0800
Processing by StaticPagesController#index as HTML
  Rendering static_pages/index.html.erb within layouts/application
  Rendered shared/_main_nav.html.erb (1.5ms)
  Rendered shared/_masthead.html.erb (1.0ms)
  Rendered shared/_sections_nav.html.erb (0.2ms)
  Rendered shared/_search_modal.html.erb (0.5ms)
  Rendered shared/_main_content.html.erb (0.3ms)
  Rendered static_pages/index.html.erb within layouts/application (19.2ms)
Completed 200 OK in 41ms (Views: 38.4ms | ActiveRecord: 0.0ms)


Started GET "/" for ::1 at 2022-02-10 16:55:20 -0800
Processing by StaticPagesController#index as HTML
  Rendering static_pages/index.html.erb within layouts/application
  Rendered shared/_main_nav.html.erb (2.2ms)
  Rendered shared/_masthead.html.erb (2.1ms)
  Rendered shared/_sections_nav.html.erb (0.4ms)
  Rendered shared/_search_modal.html.erb (0.6ms)
  Rendered shared/_main_content.html.erb (0.4ms)
  Rendered static_pages/index.html.erb within layouts/application (22.9ms)
Completed 200 OK in 126ms (Views: 120.7ms | ActiveRecord: 0.0ms)


Started GET "/assets/application.self-d86955d222467427144734256c14e04a3f851533a8b93eb16f9bc6f85cc79504.css?body=1" for ::1 at 2022-02-10 16:55:20 -0800
Started GET "/" for ::1 at 2022-02-10 16:55:46 -0800
Processing by StaticPagesController#index as HTML
  Rendering static_pages/index.html.erb within layouts/application
  Rendered shared/_main_nav.html.erb (1.3ms)
  Rendered shared/_masthead.html.erb (2.5ms)
  Rendered shared/_sections_nav.html.erb (0.6ms)
  Rendered shared/_search_modal.html.erb (0.4ms)
  Rendered shared/_main_content.html.erb (0.3ms)
  Rendered static_pages/index.html.erb within layouts/application (23.3ms)
Completed 200 OK in 106ms (Views: 102.4ms | ActiveRecord: 0.0ms)


Started GET "/assets/application.self-ab77c5a3fc4bd19d57879d22e75caa1eaff04bb232997af27de20122e7f4872b.css?body=1" for ::1 at 2022-02-10 16:55:46 -0800
Started GET "/" for ::1 at 2022-02-10 16:55:47 -0800
Processing by StaticPagesController#index as HTML
  Rendering static_pages/index.html.erb within layouts/application
  Rendered shared/_main_nav.html.erb (1.3ms)
  Rendered shared/_masthead.html.erb (1.1ms)
  Rendered shared/_sections_nav.html.erb (0.2ms)
  Rendered shared/_search_modal.html.erb (0.2ms)
  Rendered shared/_main_content.html.erb (0.3ms)
  Rendered static_pages/index.html.erb within layouts/application (18.3ms)
Completed 200 OK in 42ms (Views: 39.3ms | ActiveRecord: 0.0ms)


Started GET "/" for ::1 at 2022-02-10 16:55:57 -0800
Processing by StaticPagesController#index as HTML
  Rendering static_pages/index.html.erb within layouts/application
  Rendered shared/_main_nav.html.erb (2.4ms)
  Rendered shared/_masthead.html.erb (2.2ms)
  Rendered shared/_sections_nav.html.erb (0.6ms)
  Rendered shared/_search_modal.html.erb (0.4ms)
  Rendered shared/_main_content.html.erb (0.4ms)
  Rendered static_pages/index.html.erb within layouts/application (23.5ms)
Completed 200 OK in 115ms (Views: 111.5ms | ActiveRecord: 0.0ms)


Started GET "/assets/application.self-6b28e1d532fe2cb248477afd816e826be2035d2dfeb7b3c1336343e40e7b2dfa.css?body=1" for ::1 at 2022-02-10 16:55:57 -0800
Started GET "/" for ::1 at 2022-02-10 16:55:58 -0800
Processing by StaticPagesController#index as HTML
  Rendering static_pages/index.html.erb within layouts/application
  Rendered shared/_main_nav.html.erb (2.6ms)
  Rendered shared/_masthead.html.erb (1.1ms)
  Rendered shared/_sections_nav.html.erb (0.3ms)
  Rendered shared/_search_modal.html.erb (0.4ms)
  Rendered shared/_main_content.html.erb (0.4ms)
  Rendered static_pages/index.html.erb within layouts/application (20.9ms)
Completed 200 OK in 44ms (Views: 40.8ms | ActiveRecord: 0.0ms)


Started GET "/" for ::1 at 2022-02-10 16:56:23 -0800
Processing by StaticPagesController#index as HTML
  Rendering static_pages/index.html.erb within layouts/application
  Rendered shared/_main_nav.html.erb (2.0ms)
  Rendered shared/_masthead.html.erb (1.7ms)
  Rendered shared/_sections_nav.html.erb (0.3ms)
  Rendered shared/_search_modal.html.erb (0.3ms)
  Rendered shared/_main_content.html.erb (0.3ms)
  Rendered static_pages/index.html.erb within layouts/application (21.3ms)
Completed 200 OK in 115ms (Views: 111.7ms | ActiveRecord: 0.0ms)


Started GET "/assets/application.self-6082276f24a4aeef27d3e285761b88dc6f5e4503bb403bad8925b2b59f7c58e6.css?body=1" for ::1 at 2022-02-10 16:56:23 -0800
Started GET "/" for ::1 at 2022-02-10 16:56:46 -0800
Processing by StaticPagesController#index as HTML
  Rendering static_pages/index.html.erb within layouts/application
  Rendered shared/_main_nav.html.erb (1.3ms)
  Rendered shared/_masthead.html.erb (1.1ms)
  Rendered shared/_sections_nav.html.erb (0.4ms)
  Rendered shared/_search_modal.html.erb (0.2ms)
  Rendered shared/_main_content.html.erb (0.3ms)
  Rendered static_pages/index.html.erb within layouts/application (17.6ms)
Completed 200 OK in 98ms (Views: 95.7ms | ActiveRecord: 0.0ms)


Started GET "/assets/application.self-21121fcded1158d13a4e730f64ad585553d72b97d03c098cb723dc7c488f8fb2.css?body=1" for ::1 at 2022-02-10 16:56:46 -0800
Started GET "/" for ::1 at 2022-02-10 16:57:11 -0800
Processing by StaticPagesController#index as HTML
  Rendering static_pages/index.html.erb within layouts/application
  Rendered shared/_main_nav.html.erb (1.1ms)
  Rendered shared/_masthead.html.erb (1.4ms)
  Rendered shared/_sections_nav.html.erb (0.7ms)
  Rendered shared/_search_modal.html.erb (0.4ms)
  Rendered shared/_main_content.html.erb (0.3ms)
  Rendered static_pages/index.html.erb within layouts/application (24.5ms)
Completed 200 OK in 119ms (Views: 116.4ms | ActiveRecord: 0.0ms)


Started GET "/assets/application.self-93fb96d47a067c16c075b749783a8a3fcc40b3a8285e0e6aac94fc93d6015a00.css?body=1" for ::1 at 2022-02-10 16:57:12 -0800
Started GET "/" for ::1 at 2022-02-10 16:57:12 -0800
Processing by StaticPagesController#index as HTML
  Rendering static_pages/index.html.erb within layouts/application
  Rendered shared/_main_nav.html.erb (2.1ms)
  Rendered shared/_masthead.html.erb (1.8ms)
  Rendered shared/_sections_nav.html.erb (0.3ms)
  Rendered shared/_search_modal.html.erb (1.9ms)
  Rendered shared/_main_content.html.erb (0.3ms)
  Rendered static_pages/index.html.erb within layouts/application (26.8ms)
Completed 200 OK in 56ms (Views: 51.9ms | ActiveRecord: 0.0ms)


Started GET "/" for ::1 at 2022-02-10 16:57:27 -0800
Processing by StaticPagesController#index as HTML
  Rendering static_pages/index.html.erb within layouts/application
  Rendered shared/_main_nav.html.erb (1.8ms)
  Rendered shared/_masthead.html.erb (1.4ms)
  Rendered shared/_sections_nav.html.erb (0.3ms)
  Rendered shared/_search_modal.html.erb (0.3ms)
  Rendered shared/_main_content.html.erb (0.3ms)
  Rendered static_pages/index.html.erb within layouts/application (20.3ms)
Completed 200 OK in 119ms (Views: 115.1ms | ActiveRecord: 0.0ms)


Started GET "/assets/application.self-539001333fe561911801fee72986583f0b76f443f777ceeaa7018506bad8416f.css?body=1" for ::1 at 2022-02-10 16:57:27 -0800
Started GET "/" for ::1 at 2022-02-10 16:57:29 -0800
Processing by StaticPagesController#index as HTML
  Rendering static_pages/index.html.erb within layouts/application
  Rendered shared/_main_nav.html.erb (2.5ms)
  Rendered shared/_masthead.html.erb (1.5ms)
  Rendered shared/_sections_nav.html.erb (0.5ms)
  Rendered shared/_search_modal.html.erb (0.3ms)
  Rendered shared/_main_content.html.erb (0.5ms)
  Rendered static_pages/index.html.erb within layouts/application (22.7ms)
Completed 200 OK in 54ms (Views: 51.1ms | ActiveRecord: 0.0ms)


Started GET "/" for ::1 at 2022-02-10 16:57:29 -0800
Processing by StaticPagesController#index as HTML
  Rendering static_pages/index.html.erb within layouts/application
  Rendered shared/_main_nav.html.erb (1.6ms)
  Rendered shared/_masthead.html.erb (1.5ms)
  Rendered shared/_sections_nav.html.erb (0.4ms)
  Rendered shared/_search_modal.html.erb (0.2ms)
  Rendered shared/_main_content.html.erb (0.5ms)
  Rendered static_pages/index.html.erb within layouts/application (17.7ms)
Completed 200 OK in 43ms (Views: 40.1ms | ActiveRecord: 0.0ms)


Started GET "/" for ::1 at 2022-02-10 16:57:35 -0800
Processing by StaticPagesController#index as HTML
  Rendering static_pages/index.html.erb within layouts/application
  Rendered shared/_main_nav.html.erb (1.0ms)
  Rendered shared/_masthead.html.erb (2.3ms)
  Rendered shared/_sections_nav.html.erb (0.4ms)
  Rendered shared/_search_modal.html.erb (0.2ms)
  Rendered shared/_main_content.html.erb (1.1ms)
  Rendered static_pages/index.html.erb within layouts/application (19.1ms)
Completed 200 OK in 46ms (Views: 43.2ms | ActiveRecord: 0.0ms)


Started GET "/" for ::1 at 2022-02-10 16:57:45 -0800
Processing by StaticPagesController#index as HTML
  Rendering static_pages/index.html.erb within layouts/application
  Rendered shared/_main_nav.html.erb (1.6ms)
  Rendered shared/_masthead.html.erb (0.9ms)
  Rendered shared/_sections_nav.html.erb (0.3ms)
  Rendered shared/_search_modal.html.erb (0.4ms)
  Rendered shared/_main_content.html.erb (0.4ms)
  Rendered static_pages/index.html.erb within layouts/application (16.0ms)
Completed 200 OK in 45ms (Views: 42.2ms | ActiveRecord: 0.0ms)


Started GET "/" for ::1 at 2022-02-10 16:58:19 -0800
Processing by StaticPagesController#index as HTML
  Rendering static_pages/index.html.erb within layouts/application
  Rendered shared/_main_nav.html.erb (1.5ms)
  Rendered shared/_masthead.html.erb (0.8ms)
  Rendered shared/_sections_nav.html.erb (0.3ms)
  Rendered shared/_search_modal.html.erb (0.5ms)
  Rendered shared/_main_content.html.erb (0.6ms)
  Rendered static_pages/index.html.erb within layouts/application (19.8ms)
Completed 200 OK in 142ms (Views: 139.2ms | ActiveRecord: 0.0ms)


Started GET "/assets/application.self-8e061d03e5f71e7cb9949476fdbb72fe83854f9060daed4b822e357c7736d32b.css?body=1" for ::1 at 2022-02-10 16:58:19 -0800
Started GET "/" for ::1 at 2022-02-10 16:59:04 -0800
Processing by StaticPagesController#index as HTML
  Rendering static_pages/index.html.erb within layouts/application
  Rendered shared/_main_nav.html.erb (1.3ms)
  Rendered shared/_masthead.html.erb (1.5ms)
  Rendered shared/_sections_nav.html.erb (0.5ms)
  Rendered shared/_search_modal.html.erb (0.5ms)
  Rendered shared/_main_content.html.erb (0.6ms)
  Rendered static_pages/index.html.erb within layouts/application (22.3ms)
Completed 200 OK in 124ms (Views: 120.8ms | ActiveRecord: 0.0ms)


Started GET "/assets/application.self-c1e7d499f1d8194ac950ae94459c1e23d95190b6496ed49d44e00ea5840dd191.css?body=1" for ::1 at 2022-02-10 16:59:04 -0800
Started GET "/" for ::1 at 2022-02-10 17:00:25 -0800
Processing by StaticPagesController#index as HTML
  Rendering static_pages/index.html.erb within layouts/application
  Rendered shared/_main_nav.html.erb (1.7ms)
  Rendered shared/_masthead.html.erb (1.6ms)
  Rendered shared/_sections_nav.html.erb (0.2ms)
  Rendered shared/_search_modal.html.erb (0.5ms)
  Rendered shared/_main_content.html.erb (0.5ms)
  Rendered static_pages/index.html.erb within layouts/application (20.5ms)
Completed 200 OK in 46ms (Views: 42.3ms | ActiveRecord: 0.0ms)


Started GET "/" for ::1 at 2022-02-10 17:01:21 -0800
Processing by StaticPagesController#index as HTML
  Rendering static_pages/index.html.erb within layouts/application
  Rendered shared/_main_nav.html.erb (2.4ms)
  Rendered shared/_masthead.html.erb (1.6ms)
  Rendered shared/_sections_nav.html.erb (1.4ms)
  Rendered shared/_search_modal.html.erb (0.2ms)
  Rendered shared/_main_content.html.erb (0.3ms)
  Rendered static_pages/index.html.erb within layouts/application (25.2ms)
Completed 200 OK in 110ms (Views: 107.8ms | ActiveRecord: 0.0ms)


Started GET "/assets/application.self-91ff2b63cda524010d6dceb6da3e70b3748f02f938a4d27f3821ce386b80b9da.css?body=1" for ::1 at 2022-02-10 17:01:21 -0800
